2014-05-27 22:40:46,304 [DEBUG] django.db.backends: (0.106) SELECT `django_session`.`session_key`, `django_session`.`session_data`, `django_session`.`expire_date` FROM `django_session` WHERE (`django_session`.`session_key` = 'dn3bdozui2d0rwxvwwje0e0obr6u4ul1'  AND `django_session`.`expire_date` > '2014-05-27 22:40:45' ); args=('dn3bdozui2d0rwxvwwje0e0obr6u4ul1', u'2014-05-27 22:40:45')
2014-05-27 22:40:46,344 [DEBUG] django.db.backends: (0.000) SELECT COUNT(*) FROM `article_article`; args=()
2014-05-27 22:41:06,059 [DEBUG] django.db.backends: (0.086) INSERT INTO `article_article` (`title`, `body`, `pub_date`, `likes`, `thumbnail`) VALUES ('Test 1', 'dfsdfsdfsdf', '2014-05-22 00:00:00', 0, 'uploaded_files/1401230465_96_1.jpg'); args=[u'Test 1', u'dfsdfsdfsdf', u'2014-05-22 00:00:00', 0, u'uploaded_files/1401230465_96_1.jpg']
2014-05-27 22:41:06,129 [DEBUG] django.db.backends: (0.001) SELECT `django_session`.`session_key`, `django_session`.`session_data`, `django_session`.`expire_date` FROM `django_session` WHERE (`django_session`.`session_key` = 'dn3bdozui2d0rwxvwwje0e0obr6u4ul1'  AND `django_session`.`expire_date` > '2014-05-27 22:41:06' ); args=('dn3bdozui2d0rwxvwwje0e0obr6u4ul1', u'2014-05-27 22:41:06')
2014-05-27 22:41:06,155 [DEBUG] django.db.backends: (0.000) SELECT COUNT(*) FROM `article_article`; args=()
2014-05-27 22:41:06,159 [DEBUG] django.db.backends: (0.004) SELECT `article_article`.`id`, `article_article`.`title`, `article_article`.`body`, `article_article`.`pub_date`, `article_article`.`likes`, `article_article`.`thumbnail` FROM `article_article`; args=()
2014-05-27 22:41:40,581 [DEBUG] django.db.backends: (0.023) INSERT INTO `article_article` (`title`, `body`, `pub_date`, `likes`, `thumbnail`) VALUES ('Test 2', 'erwerwer', '2014-05-22 00:00:00', 0, 'uploaded_files/1401230500_56_1.jpg'); args=[u'Test 2', u'erwerwer', u'2014-05-22 00:00:00', 0, u'uploaded_files/1401230500_56_1.jpg']
2014-05-27 22:41:40,670 [DEBUG] django.db.backends: (0.001) SELECT `django_session`.`session_key`, `django_session`.`session_data`, `django_session`.`expire_date` FROM `django_session` WHERE (`django_session`.`session_key` = 'dn3bdozui2d0rwxvwwje0e0obr6u4ul1'  AND `django_session`.`expire_date` > '2014-05-27 22:41:40' ); args=('dn3bdozui2d0rwxvwwje0e0obr6u4ul1', u'2014-05-27 22:41:40')
2014-05-27 22:41:40,681 [DEBUG] django.db.backends: (0.002) SELECT COUNT(*) FROM `article_article`; args=()
2014-05-27 22:41:40,684 [DEBUG] django.db.backends: (0.002) SELECT `article_article`.`id`, `article_article`.`title`, `article_article`.`body`, `article_article`.`pub_date`, `article_article`.`likes`, `article_article`.`thumbnail` FROM `article_article`; args=()
2014-05-27 22:43:00,445 [DEBUG] django.db.backends: (0.000) SELECT `django_session`.`session_key`, `django_session`.`session_data`, `django_session`.`expire_date` FROM `django_session` WHERE (`django_session`.`session_key` = 'dn3bdozui2d0rwxvwwje0e0obr6u4ul1'  AND `django_session`.`expire_date` > '2014-05-27 22:43:00' ); args=('dn3bdozui2d0rwxvwwje0e0obr6u4ul1', u'2014-05-27 22:43:00')
2014-05-27 22:43:00,468 [DEBUG] django.db.backends: (0.000) SELECT COUNT(*) FROM `article_article`; args=()
2014-05-27 22:43:00,469 [DEBUG] django.db.backends: (0.000) SELECT `article_article`.`id`, `article_article`.`title`, `article_article`.`body`, `article_article`.`pub_date`, `article_article`.`likes`, `article_article`.`thumbnail` FROM `article_article`; args=()
2014-05-27 22:43:02,974 [DEBUG] django.db.backends: (0.041) SELECT COUNT(*) FROM `article_article` WHERE `article_article`.`title` LIKE BINARY '%1%' ; args=(u'%1%',)
2014-05-27 22:43:02,978 [DEBUG] django.db.backends: (0.001) SELECT `article_article`.`id`, `article_article`.`title`, `article_article`.`body`, `article_article`.`pub_date`, `article_article`.`likes`, `article_article`.`thumbnail` FROM `article_article` WHERE `article_article`.`title` LIKE BINARY '%1%' ; args=(u'%1%',)
2014-05-27 22:43:04,504 [DEBUG] django.db.backends: (0.000) SELECT COUNT(*) FROM `article_article` WHERE `article_article`.`title` LIKE BINARY '%%' ; args=(u'%%',)
2014-05-27 22:43:04,505 [DEBUG] django.db.backends: (0.001) SELECT `article_article`.`id`, `article_article`.`title`, `article_article`.`body`, `article_article`.`pub_date`, `article_article`.`likes`, `article_article`.`thumbnail` FROM `article_article` WHERE `article_article`.`title` LIKE BINARY '%%' ; args=(u'%%',)
2014-05-27 22:43:04,859 [DEBUG] django.db.backends: (0.001) SELECT COUNT(*) FROM `article_article` WHERE `article_article`.`title` LIKE BINARY '%2%' ; args=(u'%2%',)
2014-05-27 22:43:04,863 [DEBUG] django.db.backends: (0.001) SELECT `article_article`.`id`, `article_article`.`title`, `article_article`.`body`, `article_article`.`pub_date`, `article_article`.`likes`, `article_article`.`thumbnail` FROM `article_article` WHERE `article_article`.`title` LIKE BINARY '%2%' ; args=(u'%2%',)
2014-05-27 22:43:06,098 [DEBUG] django.db.backends: (0.000) SELECT COUNT(*) FROM `article_article` WHERE `article_article`.`title` LIKE BINARY '%%' ; args=(u'%%',)
2014-05-27 22:43:06,099 [DEBUG] django.db.backends: (0.000) SELECT `article_article`.`id`, `article_article`.`title`, `article_article`.`body`, `article_article`.`pub_date`, `article_article`.`likes`, `article_article`.`thumbnail` FROM `article_article` WHERE `article_article`.`title` LIKE BINARY '%%' ; args=(u'%%',)
2014-05-27 23:37:45,450 [DEBUG] django.db.backends: (0.002) SELECT `django_session`.`session_key`, `django_session`.`session_data`, `django_session`.`expire_date` FROM `django_session` WHERE (`django_session`.`session_key` = 'dn3bdozui2d0rwxvwwje0e0obr6u4ul1'  AND `django_session`.`expire_date` > '2014-05-27 23:37:45' ); args=('dn3bdozui2d0rwxvwwje0e0obr6u4ul1', u'2014-05-27 23:37:45')
2014-05-27 23:37:45,508 [DEBUG] django.db.backends: (0.003) SELECT COUNT(*) FROM `article_article`; args=()
2014-05-27 23:37:45,512 [DEBUG] django.db.backends: (0.001) SELECT `article_article`.`id`, `article_article`.`title`, `article_article`.`body`, `article_article`.`pub_date`, `article_article`.`likes`, `article_article`.`thumbnail` FROM `article_article`; args=()
2014-05-27 23:37:49,655 [DEBUG] django.db.backends: (0.000) SELECT COUNT(*) FROM `article_article` WHERE `article_article`.`title` LIKE BINARY '%t%' ; args=(u'%t%',)
2014-05-27 23:37:49,656 [DEBUG] django.db.backends: (0.000) SELECT `article_article`.`id`, `article_article`.`title`, `article_article`.`body`, `article_article`.`pub_date`, `article_article`.`likes`, `article_article`.`thumbnail` FROM `article_article` WHERE `article_article`.`title` LIKE BINARY '%t%' ; args=(u'%t%',)
2014-05-27 23:37:52,241 [DEBUG] django.db.backends: (0.001) SELECT COUNT(*) FROM `article_article` WHERE `article_article`.`title` LIKE BINARY '%%' ; args=(u'%%',)
2014-05-27 23:37:52,244 [DEBUG] django.db.backends: (0.001) SELECT `article_article`.`id`, `article_article`.`title`, `article_article`.`body`, `article_article`.`pub_date`, `article_article`.`likes`, `article_article`.`thumbnail` FROM `article_article` WHERE `article_article`.`title` LIKE BINARY '%%' ; args=(u'%%',)
2014-05-27 23:37:52,652 [DEBUG] django.db.backends: (0.001) SELECT COUNT(*) FROM `article_article` WHERE `article_article`.`title` LIKE BINARY '%1%' ; args=(u'%1%',)
2014-05-27 23:37:52,655 [DEBUG] django.db.backends: (0.001) SELECT `article_article`.`id`, `article_article`.`title`, `article_article`.`body`, `article_article`.`pub_date`, `article_article`.`likes`, `article_article`.`thumbnail` FROM `article_article` WHERE `article_article`.`title` LIKE BINARY '%1%' ; args=(u'%1%',)
2014-05-27 23:37:54,215 [DEBUG] django.db.backends: (0.000) SELECT COUNT(*) FROM `article_article` WHERE `article_article`.`title` LIKE BINARY '%%' ; args=(u'%%',)
2014-05-27 23:37:54,217 [DEBUG] django.db.backends: (0.000) SELECT `article_article`.`id`, `article_article`.`title`, `article_article`.`body`, `article_article`.`pub_date`, `article_article`.`likes`, `article_article`.`thumbnail` FROM `article_article` WHERE `article_article`.`title` LIKE BINARY '%%' ; args=(u'%%',)
2014-05-27 23:37:54,484 [DEBUG] django.db.backends: (0.000) SELECT COUNT(*) FROM `article_article` WHERE `article_article`.`title` LIKE BINARY '%2%' ; args=(u'%2%',)
2014-05-27 23:37:54,485 [DEBUG] django.db.backends: (0.001) SELECT `article_article`.`id`, `article_article`.`title`, `article_article`.`body`, `article_article`.`pub_date`, `article_article`.`likes`, `article_article`.`thumbnail` FROM `article_article` WHERE `article_article`.`title` LIKE BINARY '%2%' ; args=(u'%2%',)
2014-05-27 23:37:57,357 [DEBUG] django.db.backends: (0.001) SELECT COUNT(*) FROM `article_article` WHERE `article_article`.`title` LIKE BINARY '%%' ; args=(u'%%',)
2014-05-27 23:37:57,359 [DEBUG] django.db.backends: (0.000) SELECT `article_article`.`id`, `article_article`.`title`, `article_article`.`body`, `article_article`.`pub_date`, `article_article`.`likes`, `article_article`.`thumbnail` FROM `article_article` WHERE `article_article`.`title` LIKE BINARY '%%' ; args=(u'%%',)
2014-05-27 23:38:09,086 [DEBUG] django.db.backends: (0.000) SELECT `article_article`.`id`, `article_article`.`title`, `article_article`.`body`, `article_article`.`pub_date`, `article_article`.`likes`, `article_article`.`thumbnail` FROM `article_article` WHERE `article_article`.`id` = 1 ; args=(1,)
2014-05-27 23:38:09,105 [DEBUG] django.db.backends: (0.000) SELECT `article_comment`.`id`, `article_comment`.`first_name`, `article_comment`.`second_name`, `article_comment`.`body`, `article_comment`.`pub_date`, `article_comment`.`likes`, `article_comment`.`article_id` FROM `article_comment` WHERE `article_comment`.`article_id` = 1 ; args=(1,)
2014-05-28 04:26:53,435 [DEBUG] django.db.backends: (0.000) SELECT `django_session`.`session_key`, `django_session`.`session_data`, `django_session`.`expire_date` FROM `django_session` WHERE (`django_session`.`session_key` = 'dn3bdozui2d0rwxvwwje0e0obr6u4ul1'  AND `django_session`.`expire_date` > '2014-05-28 04:26:53' ); args=('dn3bdozui2d0rwxvwwje0e0obr6u4ul1', u'2014-05-28 04:26:53')
2014-05-28 04:26:53,476 [DEBUG] django.db.backends: (0.017) UPDATE `django_session` SET `session_data` = 'MWE5NzdjYTc3YzhkODg2YjMyMDYxOGFmMmY3N2Y5YmRhZTgxYzY5ZTp7Il9hdXRoX3VzZXJfaWQiOjEsIl9hdXRoX3VzZXJfYmFja2VuZCI6ImRqYW5nby5jb250cmliLmF1dGguYmFja2VuZHMuTW9kZWxCYWNrZW5kIiwid2l6YXJkX2NvbnRhY3Rfd2l6YXJkIjp7InN0ZXBfZmlsZXMiOnt9LCJzdGVwIjoiMCIsImV4dHJhX2RhdGEiOnt9LCJzdGVwX2RhdGEiOnt9fX0=', `expire_date` = '2014-06-11 04:26:53' WHERE `django_session`.`session_key` = 'dn3bdozui2d0rwxvwwje0e0obr6u4ul1' ; args=(u'MWE5NzdjYTc3YzhkODg2YjMyMDYxOGFmMmY3N2Y5YmRhZTgxYzY5ZTp7Il9hdXRoX3VzZXJfaWQiOjEsIl9hdXRoX3VzZXJfYmFja2VuZCI6ImRqYW5nby5jb250cmliLmF1dGguYmFja2VuZHMuTW9kZWxCYWNrZW5kIiwid2l6YXJkX2NvbnRhY3Rfd2l6YXJkIjp7InN0ZXBfZmlsZXMiOnt9LCJzdGVwIjoiMCIsImV4dHJhX2RhdGEiOnt9LCJzdGVwX2RhdGEiOnt9fX0=', u'2014-06-11 04:26:53', 'dn3bdozui2d0rwxvwwje0e0obr6u4ul1')
2014-05-28 14:32:55,615 [DEBUG] django.db.backends: (0.000) SELECT `django_session`.`session_key`, `django_session`.`session_data`, `django_session`.`expire_date` FROM `django_session` WHERE (`django_session`.`session_key` = 'dn3bdozui2d0rwxvwwje0e0obr6u4ul1'  AND `django_session`.`expire_date` > '2014-05-28 14:32:55' ); args=('dn3bdozui2d0rwxvwwje0e0obr6u4ul1', u'2014-05-28 14:32:55')
2014-05-28 14:32:55,629 [DEBUG] django.db.backends: (0.000) UPDATE `django_session` SET `session_data` = 'ZDExZGM0OGNhNTMwMzIwYjAzN2Y0M2U4MTIzYjZkMjEwODQxMzlmYzp7Il9hdXRoX3VzZXJfYmFja2VuZCI6ImRqYW5nby5jb250cmliLmF1dGguYmFja2VuZHMuTW9kZWxCYWNrZW5kIiwiX2F1dGhfdXNlcl9pZCI6MSwid2l6YXJkX2NvbnRhY3Rfd2l6YXJkIjp7InN0ZXBfZmlsZXMiOnsiMCI6e319LCJzdGVwIjoiMSIsImV4dHJhX2RhdGEiOnt9LCJzdGVwX2RhdGEiOnsiMCI6eyJjb250YWN0X3dpemFyZC1jdXJyZW50X3N0ZXAiOlsiMCJdLCJjc3JmbWlkZGxld2FyZXRva2VuIjpbImkwMGtiOHc0Ukt3UDhPUWNneTZUOTI2NlJDQnlXNGVWIl0sIjAtc3ViamVjdCI6WyJDaGVlc2UiXX19fX0=', `expire_date` = '2014-06-11 14:32:55' WHERE `django_session`.`session_key` = 'dn3bdozui2d0rwxvwwje0e0obr6u4ul1' ; args=(u'ZDExZGM0OGNhNTMwMzIwYjAzN2Y0M2U4MTIzYjZkMjEwODQxMzlmYzp7Il9hdXRoX3VzZXJfYmFja2VuZCI6ImRqYW5nby5jb250cmliLmF1dGguYmFja2VuZHMuTW9kZWxCYWNrZW5kIiwiX2F1dGhfdXNlcl9pZCI6MSwid2l6YXJkX2NvbnRhY3Rfd2l6YXJkIjp7InN0ZXBfZmlsZXMiOnsiMCI6e319LCJzdGVwIjoiMSIsImV4dHJhX2RhdGEiOnt9LCJzdGVwX2RhdGEiOnsiMCI6eyJjb250YWN0X3dpemFyZC1jdXJyZW50X3N0ZXAiOlsiMCJdLCJjc3JmbWlkZGxld2FyZXRva2VuIjpbImkwMGtiOHc0Ukt3UDhPUWNneTZUOTI2NlJDQnlXNGVWIl0sIjAtc3ViamVjdCI6WyJDaGVlc2UiXX19fX0=', u'2014-06-11 14:32:55', 'dn3bdozui2d0rwxvwwje0e0obr6u4ul1')
2014-05-28 14:33:09,905 [DEBUG] django.db.backends: (0.000) SELECT `django_session`.`session_key`, `django_session`.`session_data`, `django_session`.`expire_date` FROM `django_session` WHERE (`django_session`.`session_key` = 'dn3bdozui2d0rwxvwwje0e0obr6u4ul1'  AND `django_session`.`expire_date` > '2014-05-28 14:33:09' ); args=('dn3bdozui2d0rwxvwwje0e0obr6u4ul1', u'2014-05-28 14:33:09')
2014-05-28 14:33:09,918 [DEBUG] django.db.backends: (0.000) UPDATE `django_session` SET `session_data` = 'ZjgyZDNkZTk1YzY3MjIzMWI5MzI0ZWY4NTU4ZWJlYWY2ZDcwNjFjMjp7Il9hdXRoX3VzZXJfaWQiOjEsIl9hdXRoX3VzZXJfYmFja2VuZCI6ImRqYW5nby5jb250cmliLmF1dGguYmFja2VuZHMuTW9kZWxCYWNrZW5kIiwid2l6YXJkX2NvbnRhY3Rfd2l6YXJkIjp7InN0ZXBfZmlsZXMiOnsiMSI6e30sIjAiOnt9fSwic3RlcCI6IjIiLCJleHRyYV9kYXRhIjp7fSwic3RlcF9kYXRhIjp7IjEiOnsiY29udGFjdF93aXphcmQtY3VycmVudF9zdGVwIjpbIjEiXSwiY3NyZm1pZGRsZXdhcmV0b2tlbiI6WyJpMDBrYjh3NFJLd1A4T1FjZ3k2VDkyNjZSQ0J5VzRlViJdLCIxLXNlbmRlciI6WyJNaWtlQG1lLmNvbSJdfSwiMCI6eyJjb250YWN0X3dpemFyZC1jdXJyZW50X3N0ZXAiOlsiMCJdLCJjc3JmbWlkZGxld2FyZXRva2VuIjpbImkwMGtiOHc0Ukt3UDhPUWNneTZUOTI2NlJDQnlXNGVWIl0sIjAtc3ViamVjdCI6WyJDaGVlc2UiXX19fX0=', `expire_date` = '2014-06-11 14:33:09' WHERE `django_session`.`session_key` = 'dn3bdozui2d0rwxvwwje0e0obr6u4ul1' ; args=(u'ZjgyZDNkZTk1YzY3MjIzMWI5MzI0ZWY4NTU4ZWJlYWY2ZDcwNjFjMjp7Il9hdXRoX3VzZXJfaWQiOjEsIl9hdXRoX3VzZXJfYmFja2VuZCI6ImRqYW5nby5jb250cmliLmF1dGguYmFja2VuZHMuTW9kZWxCYWNrZW5kIiwid2l6YXJkX2NvbnRhY3Rfd2l6YXJkIjp7InN0ZXBfZmlsZXMiOnsiMSI6e30sIjAiOnt9fSwic3RlcCI6IjIiLCJleHRyYV9kYXRhIjp7fSwic3RlcF9kYXRhIjp7IjEiOnsiY29udGFjdF93aXphcmQtY3VycmVudF9zdGVwIjpbIjEiXSwiY3NyZm1pZGRsZXdhcmV0b2tlbiI6WyJpMDBrYjh3NFJLd1A4T1FjZ3k2VDkyNjZSQ0J5VzRlViJdLCIxLXNlbmRlciI6WyJNaWtlQG1lLmNvbSJdfSwiMCI6eyJjb250YWN0X3dpemFyZC1jdXJyZW50X3N0ZXAiOlsiMCJdLCJjc3JmbWlkZGxld2FyZXRva2VuIjpbImkwMGtiOHc0Ukt3UDhPUWNneTZUOTI2NlJDQnlXNGVWIl0sIjAtc3ViamVjdCI6WyJDaGVlc2UiXX19fX0=', u'2014-06-11 14:33:09', 'dn3bdozui2d0rwxvwwje0e0obr6u4ul1')
2014-05-28 14:33:22,172 [DEBUG] django.db.backends: (0.000) SELECT `django_session`.`session_key`, `django_session`.`session_data`, `django_session`.`expire_date` FROM `django_session` WHERE (`django_session`.`session_key` = 'dn3bdozui2d0rwxvwwje0e0obr6u4ul1'  AND `django_session`.`expire_date` > '2014-05-28 14:33:22' ); args=('dn3bdozui2d0rwxvwwje0e0obr6u4ul1', u'2014-05-28 14:33:22')
2014-05-28 14:33:22,173 [DEBUG] django_test.views: Cheese
2014-05-28 14:33:22,173 [DEBUG] django_test.views: Mike@me.com
2014-05-28 14:33:22,173 [DEBUG] django_test.views: This is awesome
2014-05-28 14:34:23,159 [DEBUG] django.db.backends: (0.000) SELECT `django_session`.`session_key`, `django_session`.`session_data`, `django_session`.`expire_date` FROM `django_session` WHERE (`django_session`.`session_key` = 'dn3bdozui2d0rwxvwwje0e0obr6u4ul1'  AND `django_session`.`expire_date` > '2014-05-28 14:34:23' ); args=('dn3bdozui2d0rwxvwwje0e0obr6u4ul1', u'2014-05-28 14:34:23')
2014-05-28 14:34:23,178 [DEBUG] django.db.backends: (0.003) UPDATE `django_session` SET `session_data` = 'ZTA3YjIyMjk2N2JiZTY4MjE1OGFjOTJhOTZhMzg4NTk0MTgzN2NiNzp7Il9hdXRoX3VzZXJfYmFja2VuZCI6ImRqYW5nby5jb250cmliLmF1dGguYmFja2VuZHMuTW9kZWxCYWNrZW5kIiwiX2F1dGhfdXNlcl9pZCI6MSwid2l6YXJkX2NvbnRhY3Rfd2l6YXJkIjp7InN0ZXBfZmlsZXMiOnsiMSI6e30sIjAiOnt9fSwic3RlcCI6IjIiLCJleHRyYV9kYXRhIjp7fSwic3RlcF9kYXRhIjp7IjEiOnsiY29udGFjdF93aXphcmQtY3VycmVudF9zdGVwIjpbIjEiXSwiY3NyZm1pZGRsZXdhcmV0b2tlbiI6WyJpMDBrYjh3NFJLd1A4T1FjZ3k2VDkyNjZSQ0J5VzRlViJdLCIxLXNlbmRlciI6WyJ6aGFuZ2JpbkBnd21haWwuZ3d1LmVkdSJdfSwiMCI6eyJjb250YWN0X3dpemFyZC1jdXJyZW50X3N0ZXAiOlsiMCJdLCJjc3JmbWlkZGxld2FyZXRva2VuIjpbImkwMGtiOHc0Ukt3UDhPUWNneTZUOTI2NlJDQnlXNGVWIl0sIjAtc3ViamVjdCI6WyJDaGVlc2UiXX19fX0=', `expire_date` = '2014-06-11 14:34:23' WHERE `django_session`.`session_key` = 'dn3bdozui2d0rwxvwwje0e0obr6u4ul1' ; args=(u'ZTA3YjIyMjk2N2JiZTY4MjE1OGFjOTJhOTZhMzg4NTk0MTgzN2NiNzp7Il9hdXRoX3VzZXJfYmFja2VuZCI6ImRqYW5nby5jb250cmliLmF1dGguYmFja2VuZHMuTW9kZWxCYWNrZW5kIiwiX2F1dGhfdXNlcl9pZCI6MSwid2l6YXJkX2NvbnRhY3Rfd2l6YXJkIjp7InN0ZXBfZmlsZXMiOnsiMSI6e30sIjAiOnt9fSwic3RlcCI6IjIiLCJleHRyYV9kYXRhIjp7fSwic3RlcF9kYXRhIjp7IjEiOnsiY29udGFjdF93aXphcmQtY3VycmVudF9zdGVwIjpbIjEiXSwiY3NyZm1pZGRsZXdhcmV0b2tlbiI6WyJpMDBrYjh3NFJLd1A4T1FjZ3k2VDkyNjZSQ0J5VzRlViJdLCIxLXNlbmRlciI6WyJ6aGFuZ2JpbkBnd21haWwuZ3d1LmVkdSJdfSwiMCI6eyJjb250YWN0X3dpemFyZC1jdXJyZW50X3N0ZXAiOlsiMCJdLCJjc3JmbWlkZGxld2FyZXRva2VuIjpbImkwMGtiOHc0Ukt3UDhPUWNneTZUOTI2NlJDQnlXNGVWIl0sIjAtc3ViamVjdCI6WyJDaGVlc2UiXX19fX0=', u'2014-06-11 14:34:23', 'dn3bdozui2d0rwxvwwje0e0obr6u4ul1')
2014-05-28 14:34:28,416 [DEBUG] django.db.backends: (0.000) SELECT `django_session`.`session_key`, `django_session`.`session_data`, `django_session`.`expire_date` FROM `django_session` WHERE (`django_session`.`session_key` = 'dn3bdozui2d0rwxvwwje0e0obr6u4ul1'  AND `django_session`.`expire_date` > '2014-05-28 14:34:28' ); args=('dn3bdozui2d0rwxvwwje0e0obr6u4ul1', u'2014-05-28 14:34:28')
2014-05-28 14:34:28,419 [DEBUG] django_test.views: Cheese
2014-05-28 14:34:28,419 [DEBUG] django_test.views: zhangbin@gwmail.gwu.edu
2014-05-28 14:34:28,419 [DEBUG] django_test.views: awesome
2014-05-28 16:52:51,290 [DEBUG] django.db.backends: (0.000) SELECT `django_session`.`session_key`, `django_session`.`session_data`, `django_session`.`expire_date` FROM `django_session` WHERE (`django_session`.`session_key` = 'dn3bdozui2d0rwxvwwje0e0obr6u4ul1'  AND `django_session`.`expire_date` > '2014-05-28 16:52:51' ); args=('dn3bdozui2d0rwxvwwje0e0obr6u4ul1', u'2014-05-28 16:52:51')
2014-05-28 16:52:51,325 [DEBUG] django.db.backends: (0.000) SELECT COUNT(*) FROM `article_article`; args=()
2014-05-28 16:52:51,326 [DEBUG] django.db.backends: (0.000) SELECT `article_article`.`id`, `article_article`.`title`, `article_article`.`body`, `article_article`.`pub_date`, `article_article`.`likes`, `article_article`.`thumbnail` FROM `article_article`; args=()
2014-05-28 18:38:14,101 [DEBUG] django.db.backends: (0.000) SELECT `south_migrationhistory`.`id`, `south_migrationhistory`.`app_name`, `south_migrationhistory`.`migration`, `south_migrationhistory`.`applied` FROM `south_migrationhistory` WHERE `south_migrationhistory`.`applied` IS NOT NULL ORDER BY `south_migrationhistory`.`applied` ASC; args=()
2014-05-28 18:38:14,180 [DEBUG] django.db.backends: (0.000) SET foreign_key_checks=0; args=None
2014-05-28 18:38:14,181 [DEBUG] django.db.backends: (0.000) SET foreign_key_checks=1; args=None
2014-05-28 18:38:14,184 [DEBUG] django.db.backends: (0.000) SELECT `south_migrationhistory`.`id`, `south_migrationhistory`.`app_name`, `south_migrationhistory`.`migration`, `south_migrationhistory`.`applied` FROM `south_migrationhistory` WHERE `south_migrationhistory`.`applied` IS NOT NULL ORDER BY `south_migrationhistory`.`applied` ASC; args=()
2014-05-28 18:38:14,193 [DEBUG] django.db.backends: (0.001) SHOW variables WHERE Variable_Name='default_storage_engine';; args=None
2014-05-28 18:38:14,215 [DEBUG] django.db.backends: (0.021) CREATE TABLE ROLLBACK_TEST (X INT); args=None
2014-05-28 18:38:14,216 [DEBUG] django.db.backends: (0.001) INSERT INTO ROLLBACK_TEST (X) VALUES (8); args=None
2014-05-28 18:38:14,218 [DEBUG] django.db.backends: (0.000) SELECT COUNT(X) FROM ROLLBACK_TEST; args=None
2014-05-28 18:38:14,237 [DEBUG] django.db.backends: (0.019) DROP TABLE ROLLBACK_TEST; args=None
2014-05-28 18:38:14,238 [DEBUG] south: execute "SET FOREIGN_KEY_CHECKS=0;" with params "[]"
2014-05-28 18:38:14,238 [DEBUG] django.db.backends: (0.000) SET FOREIGN_KEY_CHECKS=0;; args=[]
2014-05-28 18:38:14,245 [DEBUG] django.db.backends: (0.006) CREATE TABLE DDL_TRANSACTION_TEST (X INT); args=None
2014-05-28 18:38:14,245 [DEBUG] django.db.backends: (0.000) CREATE TABLE DDL_TRANSACTION_TEST (X INT); args=None
2014-05-28 18:38:14,248 [DEBUG] django.db.backends: (0.002) DROP TABLE DDL_TRANSACTION_TEST; args=None
2014-05-28 18:38:14,250 [DEBUG] south: execute "SET FOREIGN_KEY_CHECKS=0;" with params "[]"
2014-05-28 18:38:14,250 [DEBUG] django.db.backends: (0.000) SET FOREIGN_KEY_CHECKS=0;; args=[]
2014-05-28 18:38:14,251 [DEBUG] south: execute "CREATE TABLE `userprofile_userprofile` (`id` integer AUTO_INCREMENT NOT NULL PRIMARY KEY, `user_id` integer NOT NULL UNIQUE, `likes_cheese` bool NOT NULL, `favourite_hamster_name` varchar(50) NOT NULL)" with params "[]"
2014-05-28 18:38:14,256 [DEBUG] django.db.backends: (0.005) CREATE TABLE `userprofile_userprofile` (`id` integer AUTO_INCREMENT NOT NULL PRIMARY KEY, `user_id` integer NOT NULL UNIQUE, `likes_cheese` bool NOT NULL, `favourite_hamster_name` varchar(50) NOT NULL); args=[]
2014-05-28 18:38:14,256 [DEBUG] south: execute "ALTER TABLE `userprofile_userprofile` ADD CONSTRAINT `user_id_refs_id_45274066` FOREIGN KEY (`user_id`) REFERENCES `auth_user` (`id`);" with params "[]"
2014-05-28 18:38:14,264 [DEBUG] django.db.backends: (0.008) ALTER TABLE `userprofile_userprofile` ADD CONSTRAINT `user_id_refs_id_45274066` FOREIGN KEY (`user_id`) REFERENCES `auth_user` (`id`);; args=[]
2014-05-28 18:38:14,266 [DEBUG] django.db.backends: (0.000) SELECT `south_migrationhistory`.`id`, `south_migrationhistory`.`app_name`, `south_migrationhistory`.`migration`, `south_migrationhistory`.`applied` FROM `south_migrationhistory` WHERE (`south_migrationhistory`.`app_name` = 'userprofile'  AND `south_migrationhistory`.`migration` = '0001_initial' ); args=('userprofile', '0001_initial')
2014-05-28 18:38:14,266 [DEBUG] django.db.backends: (0.000) INSERT INTO `south_migrationhistory` (`app_name`, `migration`, `applied`) VALUES ('userprofile', '0001_initial', '2014-05-28 18:38:14'); args=['userprofile', '0001_initial', u'2014-05-28 18:38:14']
2014-05-28 18:38:14,270 [DEBUG] django.db.backends: (0.000) SELECT `django_content_type`.`id`, `django_content_type`.`name`, `django_content_type`.`app_label`, `django_content_type`.`model` FROM `django_content_type` WHERE (`django_content_type`.`model` = 'userprofile'  AND `django_content_type`.`app_label` = 'userprofile' ); args=('userprofile', u'userprofile')
2014-05-28 18:38:14,271 [DEBUG] django.db.backends: (0.000) INSERT INTO `django_content_type` (`name`, `app_label`, `model`) VALUES ('user profile', 'userprofile', 'userprofile'); args=[u'user profile', u'userprofile', 'userprofile']
2014-05-28 18:38:14,274 [DEBUG] django.db.backends: (0.000) SELECT `auth_permission`.`content_type_id`, `auth_permission`.`codename` FROM `auth_permission` INNER JOIN `django_content_type` ON ( `auth_permission`.`content_type_id` = `django_content_type`.`id` ) WHERE `auth_permission`.`content_type_id` IN (10) ORDER BY `django_content_type`.`app_label` ASC, `django_content_type`.`model` ASC, `auth_permission`.`codename` ASC; args=(10,)
2014-05-28 18:38:14,276 [DEBUG] django.db.backends: (0.000) INSERT INTO `auth_permission` (`name`, `content_type_id`, `codename`) VALUES ('Can add user profile', 10, 'add_userprofile'), ('Can change user profile', 10, 'change_userprofile'), ('Can delete user profile', 10, 'delete_userprofile'); args=(u'Can add user profile', 10, u'add_userprofile', u'Can change user profile', 10, u'change_userprofile', u'Can delete user profile', 10, u'delete_userprofile')
2014-05-28 18:38:14,280 [DEBUG] django.db.backends: (0.000) SELECT `django_content_type`.`id`, `django_content_type`.`name`, `django_content_type`.`app_label`, `django_content_type`.`model` FROM `django_content_type` WHERE `django_content_type`.`app_label` = 'userprofile'  ORDER BY `django_content_type`.`name` ASC; args=(u'userprofile',)
2014-05-28 18:38:14,281 [DEBUG] django.db.backends: (0.000) SET foreign_key_checks=0; args=None
2014-05-28 18:38:14,282 [DEBUG] django.db.backends: (0.000) SET foreign_key_checks=1; args=None
2014-05-28 18:40:07,252 [DEBUG] django.db.backends: (0.000) SELECT `django_session`.`session_key`, `django_session`.`session_data`, `django_session`.`expire_date` FROM `django_session` WHERE (`django_session`.`session_key` = 'dn3bdozui2d0rwxvwwje0e0obr6u4ul1'  AND `django_session`.`expire_date` > '2014-05-28 18:40:07' ); args=('dn3bdozui2d0rwxvwwje0e0obr6u4ul1', u'2014-05-28 18:40:07')
2014-05-28 18:40:07,276 [DEBUG] django.db.backends: (0.000) SELECT COUNT(*) FROM `article_article`; args=()
2014-05-28 18:40:07,276 [DEBUG] django.db.backends: (0.000) SELECT `article_article`.`id`, `article_article`.`title`, `article_article`.`body`, `article_article`.`pub_date`, `article_article`.`likes`, `article_article`.`thumbnail` FROM `article_article`; args=()
2014-05-28 18:42:14,762 [DEBUG] django.db.backends: (0.002) SELECT `django_session`.`session_key`, `django_session`.`session_data`, `django_session`.`expire_date` FROM `django_session` WHERE (`django_session`.`session_key` = 'dn3bdozui2d0rwxvwwje0e0obr6u4ul1'  AND `django_session`.`expire_date` > '2014-05-28 18:42:14' ); args=('dn3bdozui2d0rwxvwwje0e0obr6u4ul1', u'2014-05-28 18:42:14')
2014-05-28 18:42:14,771 [DEBUG] django.db.backends: (0.000) SELECT `auth_user`.`id`, `auth_user`.`password`, `auth_user`.`last_login`, `auth_user`.`is_superuser`, `auth_user`.`username`, `auth_user`.`first_name`, `auth_user`.`last_name`, `auth_user`.`email`, `auth_user`.`is_staff`, `auth_user`.`is_active`, `auth_user`.`date_joined` FROM `auth_user` WHERE `auth_user`.`id` = 1 ; args=(1,)
2014-05-28 18:42:14,778 [DEBUG] django.db.backends: (0.006) SELECT `userprofile_userprofile`.`id`, `userprofile_userprofile`.`user_id`, `userprofile_userprofile`.`likes_cheese`, `userprofile_userprofile`.`favourite_hamster_name` FROM `userprofile_userprofile` WHERE `userprofile_userprofile`.`user_id` = 1 ; args=(1,)
2014-05-28 18:42:14,782 [DEBUG] django.db.backends: (0.002) INSERT INTO `userprofile_userprofile` (`user_id`, `likes_cheese`, `favourite_hamster_name`) VALUES (1, NULL, ''); args=[1, None, u'']
2014-05-28 18:42:14,783 [DEBUG] django.db.backends: (0.000) SELECT `userprofile_userprofile`.`id`, `userprofile_userprofile`.`user_id`, `userprofile_userprofile`.`likes_cheese`, `userprofile_userprofile`.`favourite_hamster_name` FROM `userprofile_userprofile` WHERE `userprofile_userprofile`.`user_id` = 1 ; args=(1,)
2014-05-28 18:42:14,898 [DEBUG] django.db.backends: (0.000) SELECT `userprofile_userprofile`.`id`, `userprofile_userprofile`.`user_id`, `userprofile_userprofile`.`likes_cheese`, `userprofile_userprofile`.`favourite_hamster_name` FROM `userprofile_userprofile` LIMIT 21; args=()
2014-05-28 18:42:14,899 [DEBUG] django.db.backends: (0.000) SELECT `userprofile_userprofile`.`id`, `userprofile_userprofile`.`user_id`, `userprofile_userprofile`.`likes_cheese`, `userprofile_userprofile`.`favourite_hamster_name` FROM `userprofile_userprofile` LIMIT 21; args=()
2014-05-28 18:54:01,296 [DEBUG] django.db.backends: (0.000) SELECT `django_session`.`session_key`, `django_session`.`session_data`, `django_session`.`expire_date` FROM `django_session` WHERE (`django_session`.`session_key` = 'dn3bdozui2d0rwxvwwje0e0obr6u4ul1'  AND `django_session`.`expire_date` > '2014-05-28 18:54:01' ); args=('dn3bdozui2d0rwxvwwje0e0obr6u4ul1', u'2014-05-28 18:54:01')
2014-05-28 18:54:01,299 [DEBUG] django.db.backends: (0.003) SELECT `auth_user`.`id`, `auth_user`.`password`, `auth_user`.`last_login`, `auth_user`.`is_superuser`, `auth_user`.`username`, `auth_user`.`first_name`, `auth_user`.`last_name`, `auth_user`.`email`, `auth_user`.`is_staff`, `auth_user`.`is_active`, `auth_user`.`date_joined` FROM `auth_user` WHERE `auth_user`.`id` = 1 ; args=(1,)
2014-05-28 18:54:01,302 [DEBUG] django.db.backends: (0.001) SELECT `userprofile_userprofile`.`id`, `userprofile_userprofile`.`user_id`, `userprofile_userprofile`.`likes_cheese`, `userprofile_userprofile`.`favourite_hamster_name` FROM `userprofile_userprofile` WHERE `userprofile_userprofile`.`user_id` = 1 ; args=(1,)
2014-05-28 18:54:01,302 [DEBUG] django.db.backends: (0.000) INSERT INTO `userprofile_userprofile` (`user_id`, `likes_cheese`, `favourite_hamster_name`) VALUES (1, NULL, ''); args=[1, None, u'']
2014-05-28 18:54:01,303 [DEBUG] django.db.backends: (0.001) SELECT `userprofile_userprofile`.`id`, `userprofile_userprofile`.`user_id`, `userprofile_userprofile`.`likes_cheese`, `userprofile_userprofile`.`favourite_hamster_name` FROM `userprofile_userprofile` WHERE `userprofile_userprofile`.`user_id` = 1 ; args=(1,)
2014-05-28 18:54:01,382 [DEBUG] django.db.backends: (0.000) SELECT `userprofile_userprofile`.`id`, `userprofile_userprofile`.`user_id`, `userprofile_userprofile`.`likes_cheese`, `userprofile_userprofile`.`favourite_hamster_name` FROM `userprofile_userprofile` LIMIT 21; args=()
2014-05-28 18:54:01,383 [DEBUG] django.db.backends: (0.000) SELECT `userprofile_userprofile`.`id`, `userprofile_userprofile`.`user_id`, `userprofile_userprofile`.`likes_cheese`, `userprofile_userprofile`.`favourite_hamster_name` FROM `userprofile_userprofile` LIMIT 21; args=()
2014-05-28 18:54:03,434 [DEBUG] django.db.backends: (0.000) SELECT `django_session`.`session_key`, `django_session`.`session_data`, `django_session`.`expire_date` FROM `django_session` WHERE (`django_session`.`session_key` = 'dn3bdozui2d0rwxvwwje0e0obr6u4ul1'  AND `django_session`.`expire_date` > '2014-05-28 18:54:03' ); args=('dn3bdozui2d0rwxvwwje0e0obr6u4ul1', u'2014-05-28 18:54:03')
2014-05-28 18:54:03,436 [DEBUG] django.db.backends: (0.002) SELECT `auth_user`.`id`, `auth_user`.`password`, `auth_user`.`last_login`, `auth_user`.`is_superuser`, `auth_user`.`username`, `auth_user`.`first_name`, `auth_user`.`last_name`, `auth_user`.`email`, `auth_user`.`is_staff`, `auth_user`.`is_active`, `auth_user`.`date_joined` FROM `auth_user` WHERE `auth_user`.`id` = 1 ; args=(1,)
2014-05-28 18:54:03,439 [DEBUG] django.db.backends: (0.000) SELECT `userprofile_userprofile`.`id`, `userprofile_userprofile`.`user_id`, `userprofile_userprofile`.`likes_cheese`, `userprofile_userprofile`.`favourite_hamster_name` FROM `userprofile_userprofile` WHERE `userprofile_userprofile`.`user_id` = 1 ; args=(1,)
2014-05-28 18:54:03,439 [DEBUG] django.db.backends: (0.000) INSERT INTO `userprofile_userprofile` (`user_id`, `likes_cheese`, `favourite_hamster_name`) VALUES (1, NULL, ''); args=[1, None, u'']
2014-05-28 18:54:03,441 [DEBUG] django.db.backends: (0.000) SELECT `userprofile_userprofile`.`id`, `userprofile_userprofile`.`user_id`, `userprofile_userprofile`.`likes_cheese`, `userprofile_userprofile`.`favourite_hamster_name` FROM `userprofile_userprofile` WHERE `userprofile_userprofile`.`user_id` = 1 ; args=(1,)
2014-05-28 18:54:03,516 [DEBUG] django.db.backends: (0.000) SELECT `userprofile_userprofile`.`id`, `userprofile_userprofile`.`user_id`, `userprofile_userprofile`.`likes_cheese`, `userprofile_userprofile`.`favourite_hamster_name` FROM `userprofile_userprofile` LIMIT 21; args=()
2014-05-28 18:54:03,519 [DEBUG] django.db.backends: (0.000) SELECT `userprofile_userprofile`.`id`, `userprofile_userprofile`.`user_id`, `userprofile_userprofile`.`likes_cheese`, `userprofile_userprofile`.`favourite_hamster_name` FROM `userprofile_userprofile` LIMIT 21; args=()
2014-05-28 20:22:42,696 [DEBUG] django.db.backends: (0.000) SELECT `django_session`.`session_key`, `django_session`.`session_data`, `django_session`.`expire_date` FROM `django_session` WHERE (`django_session`.`session_key` = 'dn3bdozui2d0rwxvwwje0e0obr6u4ul1'  AND `django_session`.`expire_date` > '2014-05-28 20:22:42' ); args=('dn3bdozui2d0rwxvwwje0e0obr6u4ul1', u'2014-05-28 20:22:42')
2014-05-28 20:22:42,697 [DEBUG] django.db.backends: (0.000) SELECT `auth_user`.`id`, `auth_user`.`password`, `auth_user`.`last_login`, `auth_user`.`is_superuser`, `auth_user`.`username`, `auth_user`.`first_name`, `auth_user`.`last_name`, `auth_user`.`email`, `auth_user`.`is_staff`, `auth_user`.`is_active`, `auth_user`.`date_joined` FROM `auth_user` WHERE `auth_user`.`id` = 1 ; args=(1,)
2014-05-28 20:22:42,698 [DEBUG] django.db.backends: (0.000) SELECT `userprofile_userprofile`.`id`, `userprofile_userprofile`.`user_id`, `userprofile_userprofile`.`likes_cheese`, `userprofile_userprofile`.`favourite_hamster_name` FROM `userprofile_userprofile` WHERE `userprofile_userprofile`.`user_id` = 1 ; args=(1,)
2014-05-28 20:22:42,698 [DEBUG] django.db.backends: (0.000) INSERT INTO `userprofile_userprofile` (`user_id`, `likes_cheese`, `favourite_hamster_name`) VALUES (1, NULL, ''); args=[1, None, u'']
2014-05-28 20:22:42,699 [DEBUG] django.db.backends: (0.000) SELECT `userprofile_userprofile`.`id`, `userprofile_userprofile`.`user_id`, `userprofile_userprofile`.`likes_cheese`, `userprofile_userprofile`.`favourite_hamster_name` FROM `userprofile_userprofile` WHERE `userprofile_userprofile`.`user_id` = 1 ; args=(1,)
2014-05-28 20:22:42,737 [DEBUG] django.db.backends: (0.000) SELECT `userprofile_userprofile`.`id`, `userprofile_userprofile`.`user_id`, `userprofile_userprofile`.`likes_cheese`, `userprofile_userprofile`.`favourite_hamster_name` FROM `userprofile_userprofile` LIMIT 21; args=()
2014-05-28 20:22:42,738 [DEBUG] django.db.backends: (0.000) SELECT `userprofile_userprofile`.`id`, `userprofile_userprofile`.`user_id`, `userprofile_userprofile`.`likes_cheese`, `userprofile_userprofile`.`favourite_hamster_name` FROM `userprofile_userprofile` LIMIT 21; args=()
2014-05-28 20:23:04,680 [DEBUG] django.db.backends: (0.000) SELECT `django_session`.`session_key`, `django_session`.`session_data`, `django_session`.`expire_date` FROM `django_session` WHERE (`django_session`.`session_key` = 'dn3bdozui2d0rwxvwwje0e0obr6u4ul1'  AND `django_session`.`expire_date` > '2014-05-28 20:23:04' ); args=('dn3bdozui2d0rwxvwwje0e0obr6u4ul1', u'2014-05-28 20:23:04')
2014-05-28 20:23:04,683 [DEBUG] django.db.backends: (0.002) SELECT `auth_user`.`id`, `auth_user`.`password`, `auth_user`.`last_login`, `auth_user`.`is_superuser`, `auth_user`.`username`, `auth_user`.`first_name`, `auth_user`.`last_name`, `auth_user`.`email`, `auth_user`.`is_staff`, `auth_user`.`is_active`, `auth_user`.`date_joined` FROM `auth_user` WHERE `auth_user`.`id` = 1 ; args=(1,)
2014-05-28 20:23:04,684 [DEBUG] django.db.backends: (0.000) SELECT `userprofile_userprofile`.`id`, `userprofile_userprofile`.`user_id`, `userprofile_userprofile`.`likes_cheese`, `userprofile_userprofile`.`favourite_hamster_name` FROM `userprofile_userprofile` WHERE `userprofile_userprofile`.`user_id` = 1 ; args=(1,)
2014-05-28 20:23:04,684 [DEBUG] django.db.backends: (0.000) INSERT INTO `userprofile_userprofile` (`user_id`, `likes_cheese`, `favourite_hamster_name`) VALUES (1, NULL, ''); args=[1, None, u'']
2014-05-28 20:23:04,688 [DEBUG] django.db.backends: (0.003) SELECT `userprofile_userprofile`.`id`, `userprofile_userprofile`.`user_id`, `userprofile_userprofile`.`likes_cheese`, `userprofile_userprofile`.`favourite_hamster_name` FROM `userprofile_userprofile` WHERE `userprofile_userprofile`.`user_id` = 1 ; args=(1,)
2014-05-28 20:23:04,733 [DEBUG] django.db.backends: (0.000) SELECT `userprofile_userprofile`.`id`, `userprofile_userprofile`.`user_id`, `userprofile_userprofile`.`likes_cheese`, `userprofile_userprofile`.`favourite_hamster_name` FROM `userprofile_userprofile` LIMIT 21; args=()
2014-05-28 20:23:04,735 [DEBUG] django.db.backends: (0.000) SELECT `userprofile_userprofile`.`id`, `userprofile_userprofile`.`user_id`, `userprofile_userprofile`.`likes_cheese`, `userprofile_userprofile`.`favourite_hamster_name` FROM `userprofile_userprofile` LIMIT 21; args=()
2014-05-28 20:23:34,141 [DEBUG] django.db.backends: (0.000) SELECT `django_session`.`session_key`, `django_session`.`session_data`, `django_session`.`expire_date` FROM `django_session` WHERE (`django_session`.`session_key` = 'dn3bdozui2d0rwxvwwje0e0obr6u4ul1'  AND `django_session`.`expire_date` > '2014-05-28 20:23:34' ); args=('dn3bdozui2d0rwxvwwje0e0obr6u4ul1', u'2014-05-28 20:23:34')
2014-05-28 20:23:34,142 [DEBUG] django.db.backends: (0.000) SELECT `auth_user`.`id`, `auth_user`.`password`, `auth_user`.`last_login`, `auth_user`.`is_superuser`, `auth_user`.`username`, `auth_user`.`first_name`, `auth_user`.`last_name`, `auth_user`.`email`, `auth_user`.`is_staff`, `auth_user`.`is_active`, `auth_user`.`date_joined` FROM `auth_user` WHERE `auth_user`.`id` = 1 ; args=(1,)
2014-05-28 20:23:34,143 [DEBUG] django.db.backends: (0.000) SELECT `userprofile_userprofile`.`id`, `userprofile_userprofile`.`user_id`, `userprofile_userprofile`.`likes_cheese`, `userprofile_userprofile`.`favourite_hamster_name` FROM `userprofile_userprofile` WHERE `userprofile_userprofile`.`user_id` = 1 ; args=(1,)
2014-05-28 20:23:34,144 [DEBUG] django.db.backends: (0.000) INSERT INTO `userprofile_userprofile` (`user_id`, `likes_cheese`, `favourite_hamster_name`) VALUES (1, NULL, ''); args=[1, None, u'']
2014-05-28 20:23:34,145 [DEBUG] django.db.backends: (0.000) SELECT `userprofile_userprofile`.`id`, `userprofile_userprofile`.`user_id`, `userprofile_userprofile`.`likes_cheese`, `userprofile_userprofile`.`favourite_hamster_name` FROM `userprofile_userprofile` WHERE `userprofile_userprofile`.`user_id` = 1 ; args=(1,)
2014-05-28 20:23:34,203 [DEBUG] django.db.backends: (0.000) SELECT `userprofile_userprofile`.`id`, `userprofile_userprofile`.`user_id`, `userprofile_userprofile`.`likes_cheese`, `userprofile_userprofile`.`favourite_hamster_name` FROM `userprofile_userprofile` LIMIT 21; args=()
2014-05-28 20:23:34,205 [DEBUG] django.db.backends: (0.000) SELECT `userprofile_userprofile`.`id`, `userprofile_userprofile`.`user_id`, `userprofile_userprofile`.`likes_cheese`, `userprofile_userprofile`.`favourite_hamster_name` FROM `userprofile_userprofile` LIMIT 21; args=()
2014-05-28 20:25:39,210 [DEBUG] django.db.backends: (0.001) SELECT `django_session`.`session_key`, `django_session`.`session_data`, `django_session`.`expire_date` FROM `django_session` WHERE (`django_session`.`session_key` = 'dn3bdozui2d0rwxvwwje0e0obr6u4ul1'  AND `django_session`.`expire_date` > '2014-05-28 20:25:39' ); args=('dn3bdozui2d0rwxvwwje0e0obr6u4ul1', u'2014-05-28 20:25:39')
2014-05-28 20:25:39,211 [DEBUG] django.db.backends: (0.000) SELECT `auth_user`.`id`, `auth_user`.`password`, `auth_user`.`last_login`, `auth_user`.`is_superuser`, `auth_user`.`username`, `auth_user`.`first_name`, `auth_user`.`last_name`, `auth_user`.`email`, `auth_user`.`is_staff`, `auth_user`.`is_active`, `auth_user`.`date_joined` FROM `auth_user` WHERE `auth_user`.`id` = 1 ; args=(1,)
2014-05-28 20:25:39,212 [DEBUG] django.db.backends: (0.000) SELECT `userprofile_userprofile`.`id`, `userprofile_userprofile`.`user_id`, `userprofile_userprofile`.`likes_cheese`, `userprofile_userprofile`.`favourite_hamster_name` FROM `userprofile_userprofile` WHERE `userprofile_userprofile`.`user_id` = 1 ; args=(1,)
2014-05-28 20:25:39,212 [DEBUG] django.db.backends: (0.000) INSERT INTO `userprofile_userprofile` (`user_id`, `likes_cheese`, `favourite_hamster_name`) VALUES (1, NULL, ''); args=[1, None, u'']
2014-05-28 20:25:39,213 [DEBUG] django.db.backends: (0.000) SELECT `userprofile_userprofile`.`id`, `userprofile_userprofile`.`user_id`, `userprofile_userprofile`.`likes_cheese`, `userprofile_userprofile`.`favourite_hamster_name` FROM `userprofile_userprofile` WHERE `userprofile_userprofile`.`user_id` = 1 ; args=(1,)
2014-05-28 20:25:39,257 [DEBUG] django.db.backends: (0.000) SELECT `userprofile_userprofile`.`id`, `userprofile_userprofile`.`user_id`, `userprofile_userprofile`.`likes_cheese`, `userprofile_userprofile`.`favourite_hamster_name` FROM `userprofile_userprofile` LIMIT 21; args=()
2014-05-28 20:25:39,259 [DEBUG] django.db.backends: (0.000) SELECT `userprofile_userprofile`.`id`, `userprofile_userprofile`.`user_id`, `userprofile_userprofile`.`likes_cheese`, `userprofile_userprofile`.`favourite_hamster_name` FROM `userprofile_userprofile` LIMIT 21; args=()
2014-05-28 20:26:29,209 [DEBUG] django.db.backends: (0.000) SELECT `django_session`.`session_key`, `django_session`.`session_data`, `django_session`.`expire_date` FROM `django_session` WHERE (`django_session`.`session_key` = 'dn3bdozui2d0rwxvwwje0e0obr6u4ul1'  AND `django_session`.`expire_date` > '2014-05-28 20:26:29' ); args=('dn3bdozui2d0rwxvwwje0e0obr6u4ul1', u'2014-05-28 20:26:29')
2014-05-28 20:26:29,210 [DEBUG] django.db.backends: (0.000) SELECT `auth_user`.`id`, `auth_user`.`password`, `auth_user`.`last_login`, `auth_user`.`is_superuser`, `auth_user`.`username`, `auth_user`.`first_name`, `auth_user`.`last_name`, `auth_user`.`email`, `auth_user`.`is_staff`, `auth_user`.`is_active`, `auth_user`.`date_joined` FROM `auth_user` WHERE `auth_user`.`id` = 1 ; args=(1,)
2014-05-28 20:26:29,211 [DEBUG] django.db.backends: (0.000) SELECT `userprofile_userprofile`.`id`, `userprofile_userprofile`.`user_id`, `userprofile_userprofile`.`likes_cheese`, `userprofile_userprofile`.`favourite_hamster_name` FROM `userprofile_userprofile` WHERE `userprofile_userprofile`.`user_id` = 1 ; args=(1,)
2014-05-28 20:26:29,212 [DEBUG] django.db.backends: (0.000) INSERT INTO `userprofile_userprofile` (`user_id`, `likes_cheese`, `favourite_hamster_name`) VALUES (1, NULL, ''); args=[1, None, u'']
2014-05-28 20:26:29,212 [DEBUG] django.db.backends: (0.000) SELECT `userprofile_userprofile`.`id`, `userprofile_userprofile`.`user_id`, `userprofile_userprofile`.`likes_cheese`, `userprofile_userprofile`.`favourite_hamster_name` FROM `userprofile_userprofile` WHERE `userprofile_userprofile`.`user_id` = 1 ; args=(1,)
2014-05-28 20:26:29,276 [DEBUG] django.db.backends: (0.000) SELECT `userprofile_userprofile`.`id`, `userprofile_userprofile`.`user_id`, `userprofile_userprofile`.`likes_cheese`, `userprofile_userprofile`.`favourite_hamster_name` FROM `userprofile_userprofile` LIMIT 21; args=()
2014-05-28 20:26:29,277 [DEBUG] django.db.backends: (0.000) SELECT `userprofile_userprofile`.`id`, `userprofile_userprofile`.`user_id`, `userprofile_userprofile`.`likes_cheese`, `userprofile_userprofile`.`favourite_hamster_name` FROM `userprofile_userprofile` LIMIT 21; args=()
2014-05-28 20:26:54,423 [DEBUG] django.db.backends: (0.000) SELECT `django_session`.`session_key`, `django_session`.`session_data`, `django_session`.`expire_date` FROM `django_session` WHERE (`django_session`.`session_key` = 'dn3bdozui2d0rwxvwwje0e0obr6u4ul1'  AND `django_session`.`expire_date` > '2014-05-28 20:26:54' ); args=('dn3bdozui2d0rwxvwwje0e0obr6u4ul1', u'2014-05-28 20:26:54')
2014-05-28 20:26:54,424 [DEBUG] django.db.backends: (0.000) SELECT `auth_user`.`id`, `auth_user`.`password`, `auth_user`.`last_login`, `auth_user`.`is_superuser`, `auth_user`.`username`, `auth_user`.`first_name`, `auth_user`.`last_name`, `auth_user`.`email`, `auth_user`.`is_staff`, `auth_user`.`is_active`, `auth_user`.`date_joined` FROM `auth_user` WHERE `auth_user`.`id` = 1 ; args=(1,)
2014-05-28 20:26:54,425 [DEBUG] django.db.backends: (0.000) SELECT `userprofile_userprofile`.`id`, `userprofile_userprofile`.`user_id`, `userprofile_userprofile`.`likes_cheese`, `userprofile_userprofile`.`favourite_hamster_name` FROM `userprofile_userprofile` WHERE `userprofile_userprofile`.`user_id` = 1 ; args=(1,)
2014-05-28 20:26:54,426 [DEBUG] django.db.backends: (0.000) INSERT INTO `userprofile_userprofile` (`user_id`, `likes_cheese`, `favourite_hamster_name`) VALUES (1, NULL, ''); args=[1, None, u'']
2014-05-28 20:26:54,426 [DEBUG] django.db.backends: (0.000) SELECT `userprofile_userprofile`.`id`, `userprofile_userprofile`.`user_id`, `userprofile_userprofile`.`likes_cheese`, `userprofile_userprofile`.`favourite_hamster_name` FROM `userprofile_userprofile` WHERE `userprofile_userprofile`.`user_id` = 1 ; args=(1,)
2014-05-28 20:26:54,490 [DEBUG] django.db.backends: (0.000) SELECT `userprofile_userprofile`.`id`, `userprofile_userprofile`.`user_id`, `userprofile_userprofile`.`likes_cheese`, `userprofile_userprofile`.`favourite_hamster_name` FROM `userprofile_userprofile` LIMIT 21; args=()
2014-05-28 20:26:54,491 [DEBUG] django.db.backends: (0.000) SELECT `userprofile_userprofile`.`id`, `userprofile_userprofile`.`user_id`, `userprofile_userprofile`.`likes_cheese`, `userprofile_userprofile`.`favourite_hamster_name` FROM `userprofile_userprofile` LIMIT 21; args=()
2014-05-28 20:27:27,080 [DEBUG] django.db.backends: (0.000) SELECT `django_session`.`session_key`, `django_session`.`session_data`, `django_session`.`expire_date` FROM `django_session` WHERE (`django_session`.`session_key` = 'dn3bdozui2d0rwxvwwje0e0obr6u4ul1'  AND `django_session`.`expire_date` > '2014-05-28 20:27:27' ); args=('dn3bdozui2d0rwxvwwje0e0obr6u4ul1', u'2014-05-28 20:27:27')
2014-05-28 20:27:27,082 [DEBUG] django.db.backends: (0.000) SELECT `auth_user`.`id`, `auth_user`.`password`, `auth_user`.`last_login`, `auth_user`.`is_superuser`, `auth_user`.`username`, `auth_user`.`first_name`, `auth_user`.`last_name`, `auth_user`.`email`, `auth_user`.`is_staff`, `auth_user`.`is_active`, `auth_user`.`date_joined` FROM `auth_user` WHERE `auth_user`.`id` = 1 ; args=(1,)
2014-05-28 20:27:27,083 [DEBUG] django.db.backends: (0.000) SELECT `userprofile_userprofile`.`id`, `userprofile_userprofile`.`user_id`, `userprofile_userprofile`.`likes_cheese`, `userprofile_userprofile`.`favourite_hamster_name` FROM `userprofile_userprofile` WHERE `userprofile_userprofile`.`user_id` = 1 ; args=(1,)
2014-05-28 20:27:27,083 [DEBUG] django.db.backends: (0.000) INSERT INTO `userprofile_userprofile` (`user_id`, `likes_cheese`, `favourite_hamster_name`) VALUES (1, NULL, ''); args=[1, None, u'']
2014-05-28 20:27:27,084 [DEBUG] django.db.backends: (0.000) SELECT `userprofile_userprofile`.`id`, `userprofile_userprofile`.`user_id`, `userprofile_userprofile`.`likes_cheese`, `userprofile_userprofile`.`favourite_hamster_name` FROM `userprofile_userprofile` WHERE `userprofile_userprofile`.`user_id` = 1 ; args=(1,)
2014-05-28 20:27:27,130 [DEBUG] django.db.backends: (0.000) SELECT `userprofile_userprofile`.`id`, `userprofile_userprofile`.`user_id`, `userprofile_userprofile`.`likes_cheese`, `userprofile_userprofile`.`favourite_hamster_name` FROM `userprofile_userprofile` LIMIT 21; args=()
2014-05-28 20:27:27,131 [DEBUG] django.db.backends: (0.000) SELECT `userprofile_userprofile`.`id`, `userprofile_userprofile`.`user_id`, `userprofile_userprofile`.`likes_cheese`, `userprofile_userprofile`.`favourite_hamster_name` FROM `userprofile_userprofile` LIMIT 21; args=()
2014-05-28 20:27:45,346 [DEBUG] django.db.backends: (0.000) SELECT `django_session`.`session_key`, `django_session`.`session_data`, `django_session`.`expire_date` FROM `django_session` WHERE (`django_session`.`session_key` = 'dn3bdozui2d0rwxvwwje0e0obr6u4ul1'  AND `django_session`.`expire_date` > '2014-05-28 20:27:45' ); args=('dn3bdozui2d0rwxvwwje0e0obr6u4ul1', u'2014-05-28 20:27:45')
2014-05-28 20:27:45,348 [DEBUG] django.db.backends: (0.000) SELECT `auth_user`.`id`, `auth_user`.`password`, `auth_user`.`last_login`, `auth_user`.`is_superuser`, `auth_user`.`username`, `auth_user`.`first_name`, `auth_user`.`last_name`, `auth_user`.`email`, `auth_user`.`is_staff`, `auth_user`.`is_active`, `auth_user`.`date_joined` FROM `auth_user` WHERE `auth_user`.`id` = 1 ; args=(1,)
2014-05-28 20:27:45,349 [DEBUG] django.db.backends: (0.000) SELECT `userprofile_userprofile`.`id`, `userprofile_userprofile`.`user_id`, `userprofile_userprofile`.`likes_cheese`, `userprofile_userprofile`.`favourite_hamster_name` FROM `userprofile_userprofile` WHERE `userprofile_userprofile`.`user_id` = 1 ; args=(1,)
2014-05-28 20:27:45,350 [DEBUG] django.db.backends: (0.000) INSERT INTO `userprofile_userprofile` (`user_id`, `likes_cheese`, `favourite_hamster_name`) VALUES (1, NULL, ''); args=[1, None, u'']
2014-05-28 20:27:45,350 [DEBUG] django.db.backends: (0.000) SELECT `userprofile_userprofile`.`id`, `userprofile_userprofile`.`user_id`, `userprofile_userprofile`.`likes_cheese`, `userprofile_userprofile`.`favourite_hamster_name` FROM `userprofile_userprofile` WHERE `userprofile_userprofile`.`user_id` = 1 ; args=(1,)
2014-05-28 20:27:45,410 [DEBUG] django.db.backends: (0.000) SELECT `userprofile_userprofile`.`id`, `userprofile_userprofile`.`user_id`, `userprofile_userprofile`.`likes_cheese`, `userprofile_userprofile`.`favourite_hamster_name` FROM `userprofile_userprofile` LIMIT 21; args=()
2014-05-28 20:27:45,411 [DEBUG] django.db.backends: (0.000) SELECT `userprofile_userprofile`.`id`, `userprofile_userprofile`.`user_id`, `userprofile_userprofile`.`likes_cheese`, `userprofile_userprofile`.`favourite_hamster_name` FROM `userprofile_userprofile` LIMIT 21; args=()
2014-05-28 20:28:39,722 [DEBUG] django.db.backends: (0.000) SELECT `django_session`.`session_key`, `django_session`.`session_data`, `django_session`.`expire_date` FROM `django_session` WHERE (`django_session`.`session_key` = 'dn3bdozui2d0rwxvwwje0e0obr6u4ul1'  AND `django_session`.`expire_date` > '2014-05-28 20:28:39' ); args=('dn3bdozui2d0rwxvwwje0e0obr6u4ul1', u'2014-05-28 20:28:39')
2014-05-28 20:28:39,724 [DEBUG] django.db.backends: (0.000) SELECT `auth_user`.`id`, `auth_user`.`password`, `auth_user`.`last_login`, `auth_user`.`is_superuser`, `auth_user`.`username`, `auth_user`.`first_name`, `auth_user`.`last_name`, `auth_user`.`email`, `auth_user`.`is_staff`, `auth_user`.`is_active`, `auth_user`.`date_joined` FROM `auth_user` WHERE `auth_user`.`id` = 1 ; args=(1,)
2014-05-28 20:28:39,725 [DEBUG] django.db.backends: (0.000) SELECT `userprofile_userprofile`.`id`, `userprofile_userprofile`.`user_id`, `userprofile_userprofile`.`likes_cheese`, `userprofile_userprofile`.`favourite_hamster_name` FROM `userprofile_userprofile` WHERE `userprofile_userprofile`.`user_id` = 1 ; args=(1,)
2014-05-28 20:28:39,725 [DEBUG] django.db.backends: (0.000) INSERT INTO `userprofile_userprofile` (`user_id`, `likes_cheese`, `favourite_hamster_name`) VALUES (1, NULL, ''); args=[1, None, u'']
2014-05-28 20:28:39,726 [DEBUG] django.db.backends: (0.000) SELECT `userprofile_userprofile`.`id`, `userprofile_userprofile`.`user_id`, `userprofile_userprofile`.`likes_cheese`, `userprofile_userprofile`.`favourite_hamster_name` FROM `userprofile_userprofile` WHERE `userprofile_userprofile`.`user_id` = 1 ; args=(1,)
2014-05-28 20:28:39,817 [DEBUG] django.db.backends: (0.001) SELECT `userprofile_userprofile`.`id`, `userprofile_userprofile`.`user_id`, `userprofile_userprofile`.`likes_cheese`, `userprofile_userprofile`.`favourite_hamster_name` FROM `userprofile_userprofile` LIMIT 21; args=()
2014-05-28 20:28:39,818 [DEBUG] django.db.backends: (0.000) SELECT `userprofile_userprofile`.`id`, `userprofile_userprofile`.`user_id`, `userprofile_userprofile`.`likes_cheese`, `userprofile_userprofile`.`favourite_hamster_name` FROM `userprofile_userprofile` LIMIT 21; args=()
2014-05-28 20:29:18,132 [DEBUG] django.db.backends: (0.000) SELECT `auth_user`.`id`, `auth_user`.`password`, `auth_user`.`last_login`, `auth_user`.`is_superuser`, `auth_user`.`username`, `auth_user`.`first_name`, `auth_user`.`last_name`, `auth_user`.`email`, `auth_user`.`is_staff`, `auth_user`.`is_active`, `auth_user`.`date_joined` FROM `auth_user` WHERE `auth_user`.`username` = 'root' ; args=(u'root',)
2014-05-28 20:29:18,193 [DEBUG] django.db.backends: (0.000) SELECT `django_session`.`session_key`, `django_session`.`session_data`, `django_session`.`expire_date` FROM `django_session` WHERE (`django_session`.`session_key` = 'dn3bdozui2d0rwxvwwje0e0obr6u4ul1'  AND `django_session`.`expire_date` > '2014-05-28 20:29:18' ); args=('dn3bdozui2d0rwxvwwje0e0obr6u4ul1', u'2014-05-28 20:29:18')
2014-05-28 20:29:18,194 [DEBUG] django.db.backends: (0.000) UPDATE `auth_user` SET `last_login` = '2014-05-28 20:29:18' WHERE `auth_user`.`id` = 1 ; args=(u'2014-05-28 20:29:18', 1)
2014-05-28 20:29:18,217 [DEBUG] django.db.backends: (0.000) UPDATE `django_session` SET `session_data` = 'NTA3MDljMGQxYjk4NWYxMjNhMWZjNDg4NDJlMzg5N2JlOTVlYjBjNTp7Il9hdXRoX3VzZXJfaWQiOjEsIl9hdXRoX3VzZXJfYmFja2VuZCI6ImRqYW5nby5jb250cmliLmF1dGguYmFja2VuZHMuTW9kZWxCYWNrZW5kIiwid2l6YXJkX2NvbnRhY3Rfd2l6YXJkIjp7InN0ZXBfZmlsZXMiOnsiMSI6e30sIjAiOnt9fSwic3RlcCI6IjIiLCJleHRyYV9kYXRhIjp7fSwic3RlcF9kYXRhIjp7IjEiOnsiY29udGFjdF93aXphcmQtY3VycmVudF9zdGVwIjpbIjEiXSwiY3NyZm1pZGRsZXdhcmV0b2tlbiI6WyJpMDBrYjh3NFJLd1A4T1FjZ3k2VDkyNjZSQ0J5VzRlViJdLCIxLXNlbmRlciI6WyJ6aGFuZ2JpbkBnd21haWwuZ3d1LmVkdSJdfSwiMCI6eyJjb250YWN0X3dpemFyZC1jdXJyZW50X3N0ZXAiOlsiMCJdLCJjc3JmbWlkZGxld2FyZXRva2VuIjpbImkwMGtiOHc0Ukt3UDhPUWNneTZUOTI2NlJDQnlXNGVWIl0sIjAtc3ViamVjdCI6WyJDaGVlc2UiXX19fX0=', `expire_date` = '2014-06-11 20:29:18' WHERE `django_session`.`session_key` = 'dn3bdozui2d0rwxvwwje0e0obr6u4ul1' ; args=(u'NTA3MDljMGQxYjk4NWYxMjNhMWZjNDg4NDJlMzg5N2JlOTVlYjBjNTp7Il9hdXRoX3VzZXJfaWQiOjEsIl9hdXRoX3VzZXJfYmFja2VuZCI6ImRqYW5nby5jb250cmliLmF1dGguYmFja2VuZHMuTW9kZWxCYWNrZW5kIiwid2l6YXJkX2NvbnRhY3Rfd2l6YXJkIjp7InN0ZXBfZmlsZXMiOnsiMSI6e30sIjAiOnt9fSwic3RlcCI6IjIiLCJleHRyYV9kYXRhIjp7fSwic3RlcF9kYXRhIjp7IjEiOnsiY29udGFjdF93aXphcmQtY3VycmVudF9zdGVwIjpbIjEiXSwiY3NyZm1pZGRsZXdhcmV0b2tlbiI6WyJpMDBrYjh3NFJLd1A4T1FjZ3k2VDkyNjZSQ0J5VzRlViJdLCIxLXNlbmRlciI6WyJ6aGFuZ2JpbkBnd21haWwuZ3d1LmVkdSJdfSwiMCI6eyJjb250YWN0X3dpemFyZC1jdXJyZW50X3N0ZXAiOlsiMCJdLCJjc3JmbWlkZGxld2FyZXRva2VuIjpbImkwMGtiOHc0Ukt3UDhPUWNneTZUOTI2NlJDQnlXNGVWIl0sIjAtc3ViamVjdCI6WyJDaGVlc2UiXX19fX0=', u'2014-06-11 20:29:18', 'dn3bdozui2d0rwxvwwje0e0obr6u4ul1')
2014-05-28 20:29:18,246 [DEBUG] django.db.backends: (0.000) SELECT `django_session`.`session_key`, `django_session`.`session_data`, `django_session`.`expire_date` FROM `django_session` WHERE (`django_session`.`session_key` = 'dn3bdozui2d0rwxvwwje0e0obr6u4ul1'  AND `django_session`.`expire_date` > '2014-05-28 20:29:18' ); args=('dn3bdozui2d0rwxvwwje0e0obr6u4ul1', u'2014-05-28 20:29:18')
2014-05-28 20:29:18,249 [DEBUG] django.db.backends: (0.002) SELECT `auth_user`.`id`, `auth_user`.`password`, `auth_user`.`last_login`, `auth_user`.`is_superuser`, `auth_user`.`username`, `auth_user`.`first_name`, `auth_user`.`last_name`, `auth_user`.`email`, `auth_user`.`is_staff`, `auth_user`.`is_active`, `auth_user`.`date_joined` FROM `auth_user` WHERE `auth_user`.`id` = 1 ; args=(1,)
2014-05-28 20:29:25,165 [DEBUG] django.db.backends: (0.000) SELECT `django_session`.`session_key`, `django_session`.`session_data`, `django_session`.`expire_date` FROM `django_session` WHERE (`django_session`.`session_key` = 'dn3bdozui2d0rwxvwwje0e0obr6u4ul1'  AND `django_session`.`expire_date` > '2014-05-28 20:29:25' ); args=('dn3bdozui2d0rwxvwwje0e0obr6u4ul1', u'2014-05-28 20:29:25')
2014-05-28 20:29:25,166 [DEBUG] django.db.backends: (0.000) SELECT `auth_user`.`id`, `auth_user`.`password`, `auth_user`.`last_login`, `auth_user`.`is_superuser`, `auth_user`.`username`, `auth_user`.`first_name`, `auth_user`.`last_name`, `auth_user`.`email`, `auth_user`.`is_staff`, `auth_user`.`is_active`, `auth_user`.`date_joined` FROM `auth_user` WHERE `auth_user`.`id` = 1 ; args=(1,)
2014-05-28 20:29:25,169 [DEBUG] django.db.backends: (0.002) SELECT `userprofile_userprofile`.`id`, `userprofile_userprofile`.`user_id`, `userprofile_userprofile`.`likes_cheese`, `userprofile_userprofile`.`favourite_hamster_name` FROM `userprofile_userprofile` WHERE `userprofile_userprofile`.`user_id` = 1 ; args=(1,)
2014-05-28 20:29:25,170 [DEBUG] django.db.backends: (0.000) INSERT INTO `userprofile_userprofile` (`user_id`, `likes_cheese`, `favourite_hamster_name`) VALUES (1, NULL, ''); args=[1, None, u'']
2014-05-28 20:29:25,170 [DEBUG] django.db.backends: (0.000) SELECT `userprofile_userprofile`.`id`, `userprofile_userprofile`.`user_id`, `userprofile_userprofile`.`likes_cheese`, `userprofile_userprofile`.`favourite_hamster_name` FROM `userprofile_userprofile` WHERE `userprofile_userprofile`.`user_id` = 1 ; args=(1,)
2014-05-28 20:29:25,280 [DEBUG] django.db.backends: (0.000) SELECT `userprofile_userprofile`.`id`, `userprofile_userprofile`.`user_id`, `userprofile_userprofile`.`likes_cheese`, `userprofile_userprofile`.`favourite_hamster_name` FROM `userprofile_userprofile` LIMIT 21; args=()
2014-05-28 20:29:25,281 [DEBUG] django.db.backends: (0.000) SELECT `userprofile_userprofile`.`id`, `userprofile_userprofile`.`user_id`, `userprofile_userprofile`.`likes_cheese`, `userprofile_userprofile`.`favourite_hamster_name` FROM `userprofile_userprofile` LIMIT 21; args=()
2014-05-28 20:29:53,888 [DEBUG] django.db.backends: (0.000) SELECT `django_session`.`session_key`, `django_session`.`session_data`, `django_session`.`expire_date` FROM `django_session` WHERE (`django_session`.`session_key` = 'dn3bdozui2d0rwxvwwje0e0obr6u4ul1'  AND `django_session`.`expire_date` > '2014-05-28 20:29:53' ); args=('dn3bdozui2d0rwxvwwje0e0obr6u4ul1', u'2014-05-28 20:29:53')
2014-05-28 20:29:53,889 [DEBUG] django.db.backends: (0.000) SELECT `auth_user`.`id`, `auth_user`.`password`, `auth_user`.`last_login`, `auth_user`.`is_superuser`, `auth_user`.`username`, `auth_user`.`first_name`, `auth_user`.`last_name`, `auth_user`.`email`, `auth_user`.`is_staff`, `auth_user`.`is_active`, `auth_user`.`date_joined` FROM `auth_user` WHERE `auth_user`.`id` = 1 ; args=(1,)
2014-05-28 20:29:53,890 [DEBUG] django.db.backends: (0.000) SELECT `userprofile_userprofile`.`id`, `userprofile_userprofile`.`user_id`, `userprofile_userprofile`.`likes_cheese`, `userprofile_userprofile`.`favourite_hamster_name` FROM `userprofile_userprofile` WHERE `userprofile_userprofile`.`user_id` = 1 ; args=(1,)
2014-05-28 20:29:53,892 [DEBUG] django.db.backends: (0.001) INSERT INTO `userprofile_userprofile` (`user_id`, `likes_cheese`, `favourite_hamster_name`) VALUES (1, NULL, ''); args=[1, None, u'']
2014-05-28 20:29:53,893 [DEBUG] django.db.backends: (0.000) SELECT `userprofile_userprofile`.`id`, `userprofile_userprofile`.`user_id`, `userprofile_userprofile`.`likes_cheese`, `userprofile_userprofile`.`favourite_hamster_name` FROM `userprofile_userprofile` WHERE `userprofile_userprofile`.`user_id` = 1 ; args=(1,)
2014-05-28 20:29:53,986 [DEBUG] django.db.backends: (0.000) SELECT `userprofile_userprofile`.`id`, `userprofile_userprofile`.`user_id`, `userprofile_userprofile`.`likes_cheese`, `userprofile_userprofile`.`favourite_hamster_name` FROM `userprofile_userprofile` LIMIT 21; args=()
2014-05-28 20:29:53,988 [DEBUG] django.db.backends: (0.000) SELECT `userprofile_userprofile`.`id`, `userprofile_userprofile`.`user_id`, `userprofile_userprofile`.`likes_cheese`, `userprofile_userprofile`.`favourite_hamster_name` FROM `userprofile_userprofile` LIMIT 21; args=()
2014-05-28 20:30:36,932 [DEBUG] django.db.backends: (0.000) SELECT `django_session`.`session_key`, `django_session`.`session_data`, `django_session`.`expire_date` FROM `django_session` WHERE (`django_session`.`session_key` = 'dn3bdozui2d0rwxvwwje0e0obr6u4ul1'  AND `django_session`.`expire_date` > '2014-05-28 20:30:36' ); args=('dn3bdozui2d0rwxvwwje0e0obr6u4ul1', u'2014-05-28 20:30:36')
2014-05-28 20:30:36,933 [DEBUG] django.db.backends: (0.000) SELECT `auth_user`.`id`, `auth_user`.`password`, `auth_user`.`last_login`, `auth_user`.`is_superuser`, `auth_user`.`username`, `auth_user`.`first_name`, `auth_user`.`last_name`, `auth_user`.`email`, `auth_user`.`is_staff`, `auth_user`.`is_active`, `auth_user`.`date_joined` FROM `auth_user` WHERE `auth_user`.`id` = 1 ; args=(1,)
2014-05-28 20:30:36,935 [DEBUG] django.db.backends: (0.000) SELECT `userprofile_userprofile`.`id`, `userprofile_userprofile`.`user_id`, `userprofile_userprofile`.`likes_cheese`, `userprofile_userprofile`.`favourite_hamster_name` FROM `userprofile_userprofile` WHERE `userprofile_userprofile`.`user_id` = 1 ; args=(1,)
2014-05-28 20:30:36,935 [DEBUG] django.db.backends: (0.000) INSERT INTO `userprofile_userprofile` (`user_id`, `likes_cheese`, `favourite_hamster_name`) VALUES (1, NULL, ''); args=[1, None, u'']
2014-05-28 20:30:36,936 [DEBUG] django.db.backends: (0.000) SELECT `userprofile_userprofile`.`id`, `userprofile_userprofile`.`user_id`, `userprofile_userprofile`.`likes_cheese`, `userprofile_userprofile`.`favourite_hamster_name` FROM `userprofile_userprofile` WHERE `userprofile_userprofile`.`user_id` = 1 ; args=(1,)
2014-05-28 20:30:37,027 [DEBUG] django.db.backends: (0.000) SELECT `userprofile_userprofile`.`id`, `userprofile_userprofile`.`user_id`, `userprofile_userprofile`.`likes_cheese`, `userprofile_userprofile`.`favourite_hamster_name` FROM `userprofile_userprofile` LIMIT 21; args=()
2014-05-28 20:30:37,028 [DEBUG] django.db.backends: (0.000) SELECT `userprofile_userprofile`.`id`, `userprofile_userprofile`.`user_id`, `userprofile_userprofile`.`likes_cheese`, `userprofile_userprofile`.`favourite_hamster_name` FROM `userprofile_userprofile` LIMIT 21; args=()
2014-05-28 20:31:45,640 [DEBUG] django.db.backends: (0.000) SELECT `auth_user`.`id`, `auth_user`.`password`, `auth_user`.`last_login`, `auth_user`.`is_superuser`, `auth_user`.`username`, `auth_user`.`first_name`, `auth_user`.`last_name`, `auth_user`.`email`, `auth_user`.`is_staff`, `auth_user`.`is_active`, `auth_user`.`date_joined` FROM `auth_user` WHERE `auth_user`.`username` = 'test' ; args=(u'test',)
2014-05-28 20:32:03,472 [DEBUG] django.db.backends: (0.000) SELECT `auth_user`.`id`, `auth_user`.`password`, `auth_user`.`last_login`, `auth_user`.`is_superuser`, `auth_user`.`username`, `auth_user`.`first_name`, `auth_user`.`last_name`, `auth_user`.`email`, `auth_user`.`is_staff`, `auth_user`.`is_active`, `auth_user`.`date_joined` FROM `auth_user` WHERE `auth_user`.`username` = 'test' ; args=(u'test',)
2014-05-28 20:34:16,859 [DEBUG] django.db.backends: (0.000) SELECT `auth_user`.`id`, `auth_user`.`password`, `auth_user`.`last_login`, `auth_user`.`is_superuser`, `auth_user`.`username`, `auth_user`.`first_name`, `auth_user`.`last_name`, `auth_user`.`email`, `auth_user`.`is_staff`, `auth_user`.`is_active`, `auth_user`.`date_joined` FROM `auth_user` WHERE `auth_user`.`username` = 'test2' ; args=(u'test2',)
2014-05-28 20:34:20,532 [DEBUG] django.db.backends: (0.000) SELECT `django_session`.`session_key`, `django_session`.`session_data`, `django_session`.`expire_date` FROM `django_session` WHERE (`django_session`.`session_key` = 'dn3bdozui2d0rwxvwwje0e0obr6u4ul1'  AND `django_session`.`expire_date` > '2014-05-28 20:34:20' ); args=('dn3bdozui2d0rwxvwwje0e0obr6u4ul1', u'2014-05-28 20:34:20')
2014-05-28 20:34:20,535 [DEBUG] django.db.backends: (0.001) SELECT `auth_user`.`id`, `auth_user`.`password`, `auth_user`.`last_login`, `auth_user`.`is_superuser`, `auth_user`.`username`, `auth_user`.`first_name`, `auth_user`.`last_name`, `auth_user`.`email`, `auth_user`.`is_staff`, `auth_user`.`is_active`, `auth_user`.`date_joined` FROM `auth_user` WHERE `auth_user`.`id` = 1 ; args=(1,)
2014-05-28 20:34:20,636 [DEBUG] django.db.backends: (0.000) SELECT `django_admin_log`.`id`, `django_admin_log`.`action_time`, `django_admin_log`.`user_id`, `django_admin_log`.`content_type_id`, `django_admin_log`.`object_id`, `django_admin_log`.`object_repr`, `django_admin_log`.`action_flag`, `django_admin_log`.`change_message`, `auth_user`.`id`, `auth_user`.`password`, `auth_user`.`last_login`, `auth_user`.`is_superuser`, `auth_user`.`username`, `auth_user`.`first_name`, `auth_user`.`last_name`, `auth_user`.`email`, `auth_user`.`is_staff`, `auth_user`.`is_active`, `auth_user`.`date_joined`, `django_content_type`.`id`, `django_content_type`.`name`, `django_content_type`.`app_label`, `django_content_type`.`model` FROM `django_admin_log` INNER JOIN `auth_user` ON ( `django_admin_log`.`user_id` = `auth_user`.`id` ) LEFT OUTER JOIN `django_content_type` ON ( `django_admin_log`.`content_type_id` = `django_content_type`.`id` ) WHERE `django_admin_log`.`user_id` = 1  ORDER BY `django_admin_log`.`action_time` DESC LIMIT 10; args=(1,)
2014-05-28 20:34:23,393 [DEBUG] django.db.backends: (0.000) SELECT `django_session`.`session_key`, `django_session`.`session_data`, `django_session`.`expire_date` FROM `django_session` WHERE (`django_session`.`session_key` = 'dn3bdozui2d0rwxvwwje0e0obr6u4ul1'  AND `django_session`.`expire_date` > '2014-05-28 20:34:23' ); args=('dn3bdozui2d0rwxvwwje0e0obr6u4ul1', u'2014-05-28 20:34:23')
2014-05-28 20:34:23,396 [DEBUG] django.db.backends: (0.003) SELECT `auth_user`.`id`, `auth_user`.`password`, `auth_user`.`last_login`, `auth_user`.`is_superuser`, `auth_user`.`username`, `auth_user`.`first_name`, `auth_user`.`last_name`, `auth_user`.`email`, `auth_user`.`is_staff`, `auth_user`.`is_active`, `auth_user`.`date_joined` FROM `auth_user` WHERE `auth_user`.`id` = 1 ; args=(1,)
2014-05-28 20:34:23,435 [DEBUG] django.db.backends: (0.000) SELECT `auth_group`.`id`, `auth_group`.`name` FROM `auth_group`; args=()
2014-05-28 20:34:23,436 [DEBUG] django.db.backends: (0.000) SELECT COUNT(DISTINCT `auth_user`.`id`) FROM `auth_user`; args=()
2014-05-28 20:34:23,437 [DEBUG] django.db.backends: (0.000) SELECT DISTINCT `auth_user`.`id`, `auth_user`.`password`, `auth_user`.`last_login`, `auth_user`.`is_superuser`, `auth_user`.`username`, `auth_user`.`first_name`, `auth_user`.`last_name`, `auth_user`.`email`, `auth_user`.`is_staff`, `auth_user`.`is_active`, `auth_user`.`date_joined` FROM `auth_user` ORDER BY `auth_user`.`username` ASC, `auth_user`.`id` DESC; args=()
2014-05-28 20:34:23,610 [DEBUG] django.db.backends: (0.000) SELECT `django_session`.`session_key`, `django_session`.`session_data`, `django_session`.`expire_date` FROM `django_session` WHERE (`django_session`.`session_key` = 'dn3bdozui2d0rwxvwwje0e0obr6u4ul1'  AND `django_session`.`expire_date` > '2014-05-28 20:34:23' ); args=('dn3bdozui2d0rwxvwwje0e0obr6u4ul1', u'2014-05-28 20:34:23')
2014-05-28 20:34:23,629 [DEBUG] django.db.backends: (0.018) SELECT `auth_user`.`id`, `auth_user`.`password`, `auth_user`.`last_login`, `auth_user`.`is_superuser`, `auth_user`.`username`, `auth_user`.`first_name`, `auth_user`.`last_name`, `auth_user`.`email`, `auth_user`.`is_staff`, `auth_user`.`is_active`, `auth_user`.`date_joined` FROM `auth_user` WHERE `auth_user`.`id` = 1 ; args=(1,)
2014-05-28 20:34:46,320 [DEBUG] django.db.backends: (0.000) SELECT `auth_user`.`id`, `auth_user`.`password`, `auth_user`.`last_login`, `auth_user`.`is_superuser`, `auth_user`.`username`, `auth_user`.`first_name`, `auth_user`.`last_name`, `auth_user`.`email`, `auth_user`.`is_staff`, `auth_user`.`is_active`, `auth_user`.`date_joined` FROM `auth_user` WHERE `auth_user`.`username` = 'test5' ; args=(u'test5',)
2014-05-28 20:34:46,321 [DEBUG] django.db.backends: (0.000) SELECT (1) AS `a` FROM `auth_user` WHERE `auth_user`.`username` = 'test5'  LIMIT 1; args=(u'test5',)
2014-05-28 20:34:46,324 [DEBUG] django.db.backends: (0.000) INSERT INTO `auth_user` (`password`, `last_login`, `is_superuser`, `username`, `first_name`, `last_name`, `email`, `is_staff`, `is_active`, `date_joined`) VALUES ('', '2014-05-28 20:34:46', 0, 'test5', '', '', 'test@test.com', 0, 1, '2014-05-28 20:34:46'); args=[u'', u'2014-05-28 20:34:46', False, u'test5', u'', u'', u'test@test.com', False, True, u'2014-05-28 20:34:46']
2014-05-28 20:34:56,750 [DEBUG] django.db.backends: (0.000) SELECT `auth_user`.`id`, `auth_user`.`password`, `auth_user`.`last_login`, `auth_user`.`is_superuser`, `auth_user`.`username`, `auth_user`.`first_name`, `auth_user`.`last_name`, `auth_user`.`email`, `auth_user`.`is_staff`, `auth_user`.`is_active`, `auth_user`.`date_joined` FROM `auth_user` WHERE `auth_user`.`username` = 'test' ; args=(u'test',)
2014-05-28 20:34:56,808 [DEBUG] django.db.backends: (0.000) SELECT `django_session`.`session_key`, `django_session`.`session_data`, `django_session`.`expire_date` FROM `django_session` WHERE (`django_session`.`session_key` = 'dn3bdozui2d0rwxvwwje0e0obr6u4ul1'  AND `django_session`.`expire_date` > '2014-05-28 20:34:56' ); args=('dn3bdozui2d0rwxvwwje0e0obr6u4ul1', u'2014-05-28 20:34:56')
2014-05-28 20:34:56,808 [DEBUG] django.db.backends: (0.000) SELECT `django_session`.`session_key`, `django_session`.`session_data`, `django_session`.`expire_date` FROM `django_session` WHERE `django_session`.`session_key` = 'dn3bdozui2d0rwxvwwje0e0obr6u4ul1' ; args=('dn3bdozui2d0rwxvwwje0e0obr6u4ul1',)
2014-05-28 20:34:56,809 [DEBUG] django.db.backends: (0.000) DELETE FROM `django_session` WHERE `session_key` IN ('dn3bdozui2d0rwxvwwje0e0obr6u4ul1'); args=(u'dn3bdozui2d0rwxvwwje0e0obr6u4ul1',)
2014-05-28 20:34:56,813 [DEBUG] django.db.backends: (0.000) SELECT (1) AS `a` FROM `django_session` WHERE `django_session`.`session_key` = 's2ie61mhq6ivnvy7p189xbvht3w8jw37'  LIMIT 1; args=(u's2ie61mhq6ivnvy7p189xbvht3w8jw37',)
2014-05-28 20:34:56,814 [DEBUG] django.db.backends: (0.000) INSERT INTO `django_session` (`session_key`, `session_data`, `expire_date`) VALUES ('s2ie61mhq6ivnvy7p189xbvht3w8jw37', 'M2MzMjY2MDhlYzk0OTZlZGZjYWMxMzUzZDA3MjdmZGJmMjgzYTgzNjp7fQ==', '2014-06-11 20:34:56'); args=(u's2ie61mhq6ivnvy7p189xbvht3w8jw37', u'M2MzMjY2MDhlYzk0OTZlZGZjYWMxMzUzZDA3MjdmZGJmMjgzYTgzNjp7fQ==', u'2014-06-11 20:34:56')
2014-05-28 20:34:56,819 [DEBUG] django.db.backends: (0.001) UPDATE `auth_user` SET `last_login` = '2014-05-28 20:34:56' WHERE `auth_user`.`id` = 2 ; args=(u'2014-05-28 20:34:56', 2)
2014-05-28 20:34:56,825 [DEBUG] django.db.backends: (0.000) UPDATE `django_session` SET `session_data` = 'YmE4ZjEwYmNkYWQ3ZDBlNDZhMmRjMDQzMDc5NDJiMmRkMzU2YjllMjp7Il9hdXRoX3VzZXJfYmFja2VuZCI6ImRqYW5nby5jb250cmliLmF1dGguYmFja2VuZHMuTW9kZWxCYWNrZW5kIiwiX2F1dGhfdXNlcl9pZCI6Mn0=', `expire_date` = '2014-06-11 20:34:56' WHERE `django_session`.`session_key` = 's2ie61mhq6ivnvy7p189xbvht3w8jw37' ; args=(u'YmE4ZjEwYmNkYWQ3ZDBlNDZhMmRjMDQzMDc5NDJiMmRkMzU2YjllMjp7Il9hdXRoX3VzZXJfYmFja2VuZCI6ImRqYW5nby5jb250cmliLmF1dGguYmFja2VuZHMuTW9kZWxCYWNrZW5kIiwiX2F1dGhfdXNlcl9pZCI6Mn0=', u'2014-06-11 20:34:56', u's2ie61mhq6ivnvy7p189xbvht3w8jw37')
2014-05-28 20:34:56,862 [DEBUG] django.db.backends: (0.000) SELECT `django_session`.`session_key`, `django_session`.`session_data`, `django_session`.`expire_date` FROM `django_session` WHERE (`django_session`.`session_key` = 's2ie61mhq6ivnvy7p189xbvht3w8jw37'  AND `django_session`.`expire_date` > '2014-05-28 20:34:56' ); args=('s2ie61mhq6ivnvy7p189xbvht3w8jw37', u'2014-05-28 20:34:56')
2014-05-28 20:34:56,865 [DEBUG] django.db.backends: (0.002) SELECT `auth_user`.`id`, `auth_user`.`password`, `auth_user`.`last_login`, `auth_user`.`is_superuser`, `auth_user`.`username`, `auth_user`.`first_name`, `auth_user`.`last_name`, `auth_user`.`email`, `auth_user`.`is_staff`, `auth_user`.`is_active`, `auth_user`.`date_joined` FROM `auth_user` WHERE `auth_user`.`id` = 2 ; args=(2,)
2014-05-28 20:35:00,398 [DEBUG] django.db.backends: (0.000) SELECT `django_session`.`session_key`, `django_session`.`session_data`, `django_session`.`expire_date` FROM `django_session` WHERE (`django_session`.`session_key` = 's2ie61mhq6ivnvy7p189xbvht3w8jw37'  AND `django_session`.`expire_date` > '2014-05-28 20:35:00' ); args=('s2ie61mhq6ivnvy7p189xbvht3w8jw37', u'2014-05-28 20:35:00')
2014-05-28 20:35:00,401 [DEBUG] django.db.backends: (0.001) SELECT `auth_user`.`id`, `auth_user`.`password`, `auth_user`.`last_login`, `auth_user`.`is_superuser`, `auth_user`.`username`, `auth_user`.`first_name`, `auth_user`.`last_name`, `auth_user`.`email`, `auth_user`.`is_staff`, `auth_user`.`is_active`, `auth_user`.`date_joined` FROM `auth_user` WHERE `auth_user`.`id` = 2 ; args=(2,)
2014-05-28 20:35:00,403 [DEBUG] django.db.backends: (0.000) SELECT `userprofile_userprofile`.`id`, `userprofile_userprofile`.`user_id`, `userprofile_userprofile`.`likes_cheese`, `userprofile_userprofile`.`favourite_hamster_name` FROM `userprofile_userprofile` WHERE `userprofile_userprofile`.`user_id` = 2 ; args=(2,)
2014-05-28 20:35:00,404 [DEBUG] django.db.backends: (0.001) INSERT INTO `userprofile_userprofile` (`user_id`, `likes_cheese`, `favourite_hamster_name`) VALUES (2, NULL, ''); args=[2, None, u'']
2014-05-28 20:35:00,409 [DEBUG] django.db.backends: (0.001) SELECT `userprofile_userprofile`.`id`, `userprofile_userprofile`.`user_id`, `userprofile_userprofile`.`likes_cheese`, `userprofile_userprofile`.`favourite_hamster_name` FROM `userprofile_userprofile` WHERE `userprofile_userprofile`.`user_id` = 2 ; args=(2,)
2014-05-28 20:35:00,513 [DEBUG] django.db.backends: (0.000) SELECT `userprofile_userprofile`.`id`, `userprofile_userprofile`.`user_id`, `userprofile_userprofile`.`likes_cheese`, `userprofile_userprofile`.`favourite_hamster_name` FROM `userprofile_userprofile` LIMIT 21; args=()
2014-05-28 20:35:00,513 [DEBUG] django.db.backends: (0.000) SELECT `userprofile_userprofile`.`id`, `userprofile_userprofile`.`user_id`, `userprofile_userprofile`.`likes_cheese`, `userprofile_userprofile`.`favourite_hamster_name` FROM `userprofile_userprofile` LIMIT 21; args=()
2014-05-28 20:38:59,284 [DEBUG] django.db.backends: (0.000) SELECT `django_session`.`session_key`, `django_session`.`session_data`, `django_session`.`expire_date` FROM `django_session` WHERE (`django_session`.`session_key` = 's2ie61mhq6ivnvy7p189xbvht3w8jw37'  AND `django_session`.`expire_date` > '2014-05-28 20:38:59' ); args=('s2ie61mhq6ivnvy7p189xbvht3w8jw37', u'2014-05-28 20:38:59')
2014-05-28 20:38:59,287 [DEBUG] django.db.backends: (0.000) SELECT `auth_user`.`id`, `auth_user`.`password`, `auth_user`.`last_login`, `auth_user`.`is_superuser`, `auth_user`.`username`, `auth_user`.`first_name`, `auth_user`.`last_name`, `auth_user`.`email`, `auth_user`.`is_staff`, `auth_user`.`is_active`, `auth_user`.`date_joined` FROM `auth_user` WHERE `auth_user`.`id` = 2 ; args=(2,)
2014-05-28 20:38:59,289 [DEBUG] django.db.backends: (0.000) SELECT `userprofile_userprofile`.`id`, `userprofile_userprofile`.`user_id`, `userprofile_userprofile`.`likes_cheese`, `userprofile_userprofile`.`favourite_hamster_name` FROM `userprofile_userprofile` WHERE `userprofile_userprofile`.`user_id` = 2 ; args=(2,)
2014-05-28 20:40:06,088 [DEBUG] django.db.backends: (0.000) SELECT `django_session`.`session_key`, `django_session`.`session_data`, `django_session`.`expire_date` FROM `django_session` WHERE (`django_session`.`session_key` = 's2ie61mhq6ivnvy7p189xbvht3w8jw37'  AND `django_session`.`expire_date` > '2014-05-28 20:40:06' ); args=('s2ie61mhq6ivnvy7p189xbvht3w8jw37', u'2014-05-28 20:40:06')
2014-05-28 20:40:06,090 [DEBUG] django.db.backends: (0.000) SELECT `auth_user`.`id`, `auth_user`.`password`, `auth_user`.`last_login`, `auth_user`.`is_superuser`, `auth_user`.`username`, `auth_user`.`first_name`, `auth_user`.`last_name`, `auth_user`.`email`, `auth_user`.`is_staff`, `auth_user`.`is_active`, `auth_user`.`date_joined` FROM `auth_user` WHERE `auth_user`.`id` = 2 ; args=(2,)
2014-05-28 20:40:06,091 [DEBUG] django.db.backends: (0.000) SELECT `userprofile_userprofile`.`id`, `userprofile_userprofile`.`user_id`, `userprofile_userprofile`.`likes_cheese`, `userprofile_userprofile`.`favourite_hamster_name` FROM `userprofile_userprofile` WHERE `userprofile_userprofile`.`user_id` = 2 ; args=(2,)
2014-05-28 20:40:15,698 [DEBUG] django.db.backends: (0.000) SELECT `django_session`.`session_key`, `django_session`.`session_data`, `django_session`.`expire_date` FROM `django_session` WHERE (`django_session`.`session_key` = 's2ie61mhq6ivnvy7p189xbvht3w8jw37'  AND `django_session`.`expire_date` > '2014-05-28 20:40:15' ); args=('s2ie61mhq6ivnvy7p189xbvht3w8jw37', u'2014-05-28 20:40:15')
2014-05-28 20:40:15,698 [DEBUG] django.db.backends: (0.000) SELECT `auth_user`.`id`, `auth_user`.`password`, `auth_user`.`last_login`, `auth_user`.`is_superuser`, `auth_user`.`username`, `auth_user`.`first_name`, `auth_user`.`last_name`, `auth_user`.`email`, `auth_user`.`is_staff`, `auth_user`.`is_active`, `auth_user`.`date_joined` FROM `auth_user` WHERE `auth_user`.`id` = 2 ; args=(2,)
2014-05-28 20:41:27,242 [DEBUG] django.db.backends: (0.000) SELECT `django_session`.`session_key`, `django_session`.`session_data`, `django_session`.`expire_date` FROM `django_session` WHERE (`django_session`.`session_key` = 's2ie61mhq6ivnvy7p189xbvht3w8jw37'  AND `django_session`.`expire_date` > '2014-05-28 20:41:27' ); args=('s2ie61mhq6ivnvy7p189xbvht3w8jw37', u'2014-05-28 20:41:27')
2014-05-28 20:41:27,244 [DEBUG] django.db.backends: (0.000) SELECT `auth_user`.`id`, `auth_user`.`password`, `auth_user`.`last_login`, `auth_user`.`is_superuser`, `auth_user`.`username`, `auth_user`.`first_name`, `auth_user`.`last_name`, `auth_user`.`email`, `auth_user`.`is_staff`, `auth_user`.`is_active`, `auth_user`.`date_joined` FROM `auth_user` WHERE `auth_user`.`id` = 2 ; args=(2,)
2014-05-28 20:41:27,245 [DEBUG] django.db.backends: (0.000) SELECT `userprofile_userprofile`.`id`, `userprofile_userprofile`.`user_id`, `userprofile_userprofile`.`likes_cheese`, `userprofile_userprofile`.`favourite_hamster_name` FROM `userprofile_userprofile` WHERE `userprofile_userprofile`.`user_id` = 2 ; args=(2,)
2014-05-28 20:41:27,246 [DEBUG] django.db.backends: (0.000) UPDATE `userprofile_userprofile` SET `user_id` = 2, `likes_cheese` = 0, `favourite_hamster_name` = 'dfdsf' WHERE `userprofile_userprofile`.`id` = 1 ; args=(2, False, u'dfdsf', 1)
2014-05-28 20:41:27,261 [DEBUG] django.db.backends: (0.000) SELECT `django_session`.`session_key`, `django_session`.`session_data`, `django_session`.`expire_date` FROM `django_session` WHERE (`django_session`.`session_key` = 's2ie61mhq6ivnvy7p189xbvht3w8jw37'  AND `django_session`.`expire_date` > '2014-05-28 20:41:27' ); args=('s2ie61mhq6ivnvy7p189xbvht3w8jw37', u'2014-05-28 20:41:27')
2014-05-28 20:41:27,261 [DEBUG] django.db.backends: (0.000) SELECT `auth_user`.`id`, `auth_user`.`password`, `auth_user`.`last_login`, `auth_user`.`is_superuser`, `auth_user`.`username`, `auth_user`.`first_name`, `auth_user`.`last_name`, `auth_user`.`email`, `auth_user`.`is_staff`, `auth_user`.`is_active`, `auth_user`.`date_joined` FROM `auth_user` WHERE `auth_user`.`id` = 2 ; args=(2,)
2014-05-28 20:41:30,083 [DEBUG] django.db.backends: (0.000) SELECT `django_session`.`session_key`, `django_session`.`session_data`, `django_session`.`expire_date` FROM `django_session` WHERE (`django_session`.`session_key` = 's2ie61mhq6ivnvy7p189xbvht3w8jw37'  AND `django_session`.`expire_date` > '2014-05-28 20:41:30' ); args=('s2ie61mhq6ivnvy7p189xbvht3w8jw37', u'2014-05-28 20:41:30')
2014-05-28 20:41:30,083 [DEBUG] django.db.backends: (0.000) SELECT `auth_user`.`id`, `auth_user`.`password`, `auth_user`.`last_login`, `auth_user`.`is_superuser`, `auth_user`.`username`, `auth_user`.`first_name`, `auth_user`.`last_name`, `auth_user`.`email`, `auth_user`.`is_staff`, `auth_user`.`is_active`, `auth_user`.`date_joined` FROM `auth_user` WHERE `auth_user`.`id` = 2 ; args=(2,)
2014-05-28 20:41:30,086 [DEBUG] django.db.backends: (0.000) SELECT `userprofile_userprofile`.`id`, `userprofile_userprofile`.`user_id`, `userprofile_userprofile`.`likes_cheese`, `userprofile_userprofile`.`favourite_hamster_name` FROM `userprofile_userprofile` WHERE `userprofile_userprofile`.`user_id` = 2 ; args=(2,)
2014-05-28 20:41:33,576 [DEBUG] django.db.backends: (0.000) SELECT `django_session`.`session_key`, `django_session`.`session_data`, `django_session`.`expire_date` FROM `django_session` WHERE (`django_session`.`session_key` = 's2ie61mhq6ivnvy7p189xbvht3w8jw37'  AND `django_session`.`expire_date` > '2014-05-28 20:41:33' ); args=('s2ie61mhq6ivnvy7p189xbvht3w8jw37', u'2014-05-28 20:41:33')
2014-05-28 20:41:33,576 [DEBUG] django.db.backends: (0.000) SELECT `auth_user`.`id`, `auth_user`.`password`, `auth_user`.`last_login`, `auth_user`.`is_superuser`, `auth_user`.`username`, `auth_user`.`first_name`, `auth_user`.`last_name`, `auth_user`.`email`, `auth_user`.`is_staff`, `auth_user`.`is_active`, `auth_user`.`date_joined` FROM `auth_user` WHERE `auth_user`.`id` = 2 ; args=(2,)
2014-05-28 20:41:33,577 [DEBUG] django.db.backends: (0.000) SELECT `userprofile_userprofile`.`id`, `userprofile_userprofile`.`user_id`, `userprofile_userprofile`.`likes_cheese`, `userprofile_userprofile`.`favourite_hamster_name` FROM `userprofile_userprofile` WHERE `userprofile_userprofile`.`user_id` = 2 ; args=(2,)
2014-05-28 20:41:33,579 [DEBUG] django.db.backends: (0.001) UPDATE `userprofile_userprofile` SET `user_id` = 2, `likes_cheese` = 1, `favourite_hamster_name` = 'dfdsf' WHERE `userprofile_userprofile`.`id` = 1 ; args=(2, True, u'dfdsf', 1)
2014-05-28 20:41:33,604 [DEBUG] django.db.backends: (0.000) SELECT `django_session`.`session_key`, `django_session`.`session_data`, `django_session`.`expire_date` FROM `django_session` WHERE (`django_session`.`session_key` = 's2ie61mhq6ivnvy7p189xbvht3w8jw37'  AND `django_session`.`expire_date` > '2014-05-28 20:41:33' ); args=('s2ie61mhq6ivnvy7p189xbvht3w8jw37', u'2014-05-28 20:41:33')
2014-05-28 20:41:33,606 [DEBUG] django.db.backends: (0.001) SELECT `auth_user`.`id`, `auth_user`.`password`, `auth_user`.`last_login`, `auth_user`.`is_superuser`, `auth_user`.`username`, `auth_user`.`first_name`, `auth_user`.`last_name`, `auth_user`.`email`, `auth_user`.`is_staff`, `auth_user`.`is_active`, `auth_user`.`date_joined` FROM `auth_user` WHERE `auth_user`.`id` = 2 ; args=(2,)
2014-05-29 17:17:53,434 [DEBUG] django.db.backends: (0.022) SELECT COUNT(*) FROM `article_article`; args=()
2014-05-29 17:17:53,495 [DEBUG] django.db.backends: (0.048) SELECT `article_article`.`id` FROM `article_article` ORDER BY `article_article`.`id` ASC; args=()
2014-05-29 17:17:53,559 [DEBUG] django.db.backends: (0.001) SELECT `article_article`.`id`, `article_article`.`title`, `article_article`.`body`, `article_article`.`pub_date`, `article_article`.`likes`, `article_article`.`thumbnail` FROM `article_article` ORDER BY `article_article`.`id` ASC LIMIT 2; args=()
2014-05-29 17:19:28,700 [DEBUG] django.db.backends: (0.037) SELECT `django_session`.`session_key`, `django_session`.`session_data`, `django_session`.`expire_date` FROM `django_session` WHERE (`django_session`.`session_key` = 's2ie61mhq6ivnvy7p189xbvht3w8jw37'  AND `django_session`.`expire_date` > '2014-05-29 17:19:28' ); args=('s2ie61mhq6ivnvy7p189xbvht3w8jw37', u'2014-05-29 17:19:28')
2014-05-29 17:19:28,741 [DEBUG] django.db.backends: (0.000) SELECT COUNT(*) FROM `article_article`; args=()
2014-05-29 17:19:28,742 [DEBUG] django.db.backends: (0.000) SELECT `article_article`.`id`, `article_article`.`title`, `article_article`.`body`, `article_article`.`pub_date`, `article_article`.`likes`, `article_article`.`thumbnail` FROM `article_article`; args=()
2014-05-29 17:21:24,626 [DEBUG] django.db.backends: (0.000) SELECT `article_article`.`id`, `article_article`.`title`, `article_article`.`body`, `article_article`.`pub_date`, `article_article`.`likes`, `article_article`.`thumbnail` FROM `article_article` WHERE `article_article`.`id` = 2 ; args=(2,)
2014-05-29 17:21:24,664 [DEBUG] django.db.backends: (0.001) SELECT `article_comment`.`id`, `article_comment`.`first_name`, `article_comment`.`second_name`, `article_comment`.`body`, `article_comment`.`pub_date`, `article_comment`.`likes`, `article_comment`.`article_id` FROM `article_comment` WHERE `article_comment`.`article_id` = 2 ; args=(2,)
